2025-05-27 00:51:23,888 - INFO - [31m[1mWARNING: This is a development server. Do not use it in a production deployment. Use a production WSGI server instead.[0m
 * Running on http://127.0.0.1:10002
2025-05-27 00:51:23,888 - INFO - [33mPress CTRL+C to quit[0m
2025-05-27 00:51:23,944 - INFO -  * Restarting with stat
2025-05-27 00:51:24,210 - WARNING -  * Debugger is active!
2025-05-27 00:51:24,218 - INFO -  * Debugger PIN: 201-496-533
2025-05-27 00:53:22,442 - INFO - [31m[1mWARNING: This is a development server. Do not use it in a production deployment. Use a production WSGI server instead.[0m
 * Running on http://127.0.0.1:10002
2025-05-27 00:53:22,444 - INFO - [33mPress CTRL+C to quit[0m
2025-05-27 00:53:22,445 - INFO -  * Restarting with stat
2025-05-27 00:53:22,640 - WARNING -  * Debugger is active!
2025-05-27 00:53:22,647 - INFO -  * Debugger PIN: 201-496-533
2025-05-27 00:58:53,466 - INFO - 127.0.0.1 - - [27/May/2025 00:58:53] "[33mGET /” HTTP/1.1[0m" 404 -
2025-05-27 01:01:13,668 - INFO - [31m[1mWARNING: This is a development server. Do not use it in a production deployment. Use a production WSGI server instead.[0m
 * Running on http://127.0.0.1:10002
2025-05-27 01:01:13,688 - INFO - [33mPress CTRL+C to quit[0m
2025-05-27 01:01:13,690 - INFO -  * Restarting with stat
2025-05-27 01:01:13,931 - WARNING -  * Debugger is active!
2025-05-27 01:01:13,963 - INFO -  * Debugger PIN: 201-496-533
2025-05-27 01:06:55,281 - INFO -  * Detected change in '/Users/zach/erudite-flask-api/agent_api.py', reloading
2025-05-27 01:06:55,427 - INFO -  * Restarting with stat
