2025-06-01 18:00:07,359 - INFO - [MainThread] Starting batch task generation from config: test_config.json
2025-06-01 18:00:07,360 - INFO - [MainThread] Generating 50 tasks for phase P7TEST
2025-06-01 18:00:07,425 - WARNING - [MainThread] JSON decode error, attempting repair: Extra data: line 615 column 5 (char 14416)
2025-06-01 18:00:07,427 - INFO - [MainThread] Successfully wrote chunk of 10 tasks
2025-06-01 18:00:07,429 - INFO - [MainThread] Successfully wrote chunk of 10 tasks
2025-06-01 18:00:07,432 - INFO - [MainThread] Successfully wrote chunk of 10 tasks
2025-06-01 18:00:07,435 - INFO - [MainThread] Successfully wrote chunk of 10 tasks
2025-06-01 18:00:07,440 - INFO - [MainThread] Successfully wrote chunk of 10 tasks
2025-06-01 18:00:07,440 - INFO - [MainThread] ✅ Successfully wrote 50 tasks to mas_log.json
2025-06-01 18:36:45,912 - INFO - [MainThread] ✅ Summary written to task_chain_summary_P7TEST.json
2025-06-01 18:43:08,074 - INFO - [MainThread] ✅ Summary written to /private/var/folders/sk/g5bl13514vn02m7kgsf7g0kw0000gn/T/pytest-of-zach/pytest-1/test_write_summary_to_file0/test_summary.json
2025-06-01 18:43:29,912 - WARNING - [MainThread] Could not set memory limit - continuing without limit
2025-06-01 18:43:30,018 - INFO - [MainThread] Successfully wrote chunk of 5 tasks
2025-06-01 18:43:30,018 - INFO - [MainThread] ✅ Successfully wrote 5 tasks to /var/folders/sk/g5bl13514vn02m7kgsf7g0kw0000gn/T/tmpa6c1_5i7/mas_log.json
2025-06-01 18:43:30,024 - WARNING - [MainThread] Could not set memory limit - continuing without limit
2025-06-01 18:43:30,025 - INFO - [MainThread] Successfully wrote chunk of 5 tasks
2025-06-01 18:43:30,026 - INFO - [MainThread] ✅ Successfully wrote 5 tasks to /var/folders/sk/g5bl13514vn02m7kgsf7g0kw0000gn/T/tmp6xyc4hhl/mas_log.json
2025-06-01 18:43:30,026 - WARNING - [MainThread] Could not set memory limit - continuing without limit
2025-06-01 18:43:30,027 - INFO - [MainThread] Successfully wrote chunk of 3 tasks
2025-06-01 18:43:30,028 - INFO - [MainThread] ✅ Successfully wrote 3 tasks to /var/folders/sk/g5bl13514vn02m7kgsf7g0kw0000gn/T/tmp6xyc4hhl/mas_log.json
2025-06-01 18:43:30,030 - WARNING - [MainThread] Could not set memory limit - continuing without limit
2025-06-01 18:43:30,031 - INFO - [MainThread] Successfully wrote chunk of 5 tasks
2025-06-01 18:43:30,032 - INFO - [MainThread] ✅ Successfully wrote 5 tasks to /var/folders/sk/g5bl13514vn02m7kgsf7g0kw0000gn/T/tmpeo9lkasx/mas_log.json
2025-06-01 18:43:30,032 - WARNING - [MainThread] Could not set memory limit - continuing without limit
2025-06-01 18:43:30,034 - INFO - [MainThread] Successfully wrote chunk of 3 tasks
2025-06-01 18:43:30,035 - INFO - [MainThread] ✅ Successfully wrote 3 tasks to /var/folders/sk/g5bl13514vn02m7kgsf7g0kw0000gn/T/tmpeo9lkasx/mas_log.json
2025-06-01 18:43:30,131 - WARNING - [MainThread] Could not set memory limit - continuing without limit
2025-06-01 18:43:30,132 - INFO - [MainThread] Successfully wrote chunk of 1 tasks
2025-06-01 18:43:30,133 - INFO - [MainThread] ✅ Successfully wrote 1 tasks to /var/folders/sk/g5bl13514vn02m7kgsf7g0kw0000gn/T/tmpc0_8h3d3.json
2025-06-01 18:43:30,240 - WARNING - [Thread-3 (write_task)] Could not set memory limit - continuing without limit
2025-06-01 18:43:30,240 - WARNING - [Thread-4 (write_task)] Could not set memory limit - continuing without limit
2025-06-01 18:43:30,240 - WARNING - [Thread-2 (write_task)] Could not set memory limit - continuing without limit
2025-06-01 18:43:30,240 - WARNING - [Thread-6 (write_task)] Could not set memory limit - continuing without limit
2025-06-01 18:43:30,240 - WARNING - [Thread-5 (write_task)] Could not set memory limit - continuing without limit
2025-06-01 18:43:30,261 - WARNING - [MainThread] Could not set memory limit - continuing without limit
2025-06-01 18:43:30,262 - INFO - [MainThread] Successfully wrote chunk of 10 tasks
2025-06-01 18:43:30,263 - INFO - [MainThread] Successfully wrote chunk of 10 tasks
2025-06-01 18:43:30,264 - INFO - [MainThread] Successfully wrote chunk of 10 tasks
2025-06-01 18:43:30,267 - INFO - [MainThread] Successfully wrote chunk of 10 tasks
2025-06-01 18:43:30,270 - INFO - [MainThread] Successfully wrote chunk of 10 tasks
2025-06-01 18:43:30,270 - INFO - [MainThread] ✅ Successfully wrote 50 tasks to /var/folders/sk/g5bl13514vn02m7kgsf7g0kw0000gn/T/tmpfzlrct7l.json
2025-06-01 18:43:30,274 - WARNING - [MainThread] Could not set memory limit - continuing without limit
2025-06-01 18:43:49,516 - INFO - [MainThread] ✅ Summary written to /private/var/folders/sk/g5bl13514vn02m7kgsf7g0kw0000gn/T/pytest-of-zach/pytest-2/test_write_summary_to_file0/test_summary.json
2025-06-01 18:44:42,733 - WARNING - [MainThread] Could not set memory limit - continuing without limit
2025-06-01 18:44:42,748 - INFO - [MainThread] Successfully wrote chunk of 5 tasks
2025-06-01 18:44:42,748 - INFO - [MainThread] ✅ Successfully wrote 5 tasks to /var/folders/sk/g5bl13514vn02m7kgsf7g0kw0000gn/T/tmp4r7633ro/mas_log.json
2025-06-01 18:44:42,755 - WARNING - [MainThread] Could not set memory limit - continuing without limit
2025-06-01 18:44:42,756 - INFO - [MainThread] Successfully wrote chunk of 5 tasks
2025-06-01 18:44:42,757 - INFO - [MainThread] ✅ Successfully wrote 5 tasks to /var/folders/sk/g5bl13514vn02m7kgsf7g0kw0000gn/T/tmpn91oqjqm/mas_log.json
2025-06-01 18:44:42,758 - WARNING - [MainThread] Could not set memory limit - continuing without limit
2025-06-01 18:44:42,760 - INFO - [MainThread] Successfully wrote chunk of 3 tasks
2025-06-01 18:44:42,761 - INFO - [MainThread] ✅ Successfully wrote 3 tasks to /var/folders/sk/g5bl13514vn02m7kgsf7g0kw0000gn/T/tmpn91oqjqm/mas_log.json
2025-06-01 18:44:42,764 - WARNING - [MainThread] Could not set memory limit - continuing without limit
2025-06-01 18:44:42,765 - INFO - [MainThread] Successfully wrote chunk of 5 tasks
2025-06-01 18:44:42,766 - INFO - [MainThread] ✅ Successfully wrote 5 tasks to /var/folders/sk/g5bl13514vn02m7kgsf7g0kw0000gn/T/tmpavvwltay/mas_log.json
2025-06-01 18:44:42,767 - WARNING - [MainThread] Could not set memory limit - continuing without limit
2025-06-01 18:44:42,768 - INFO - [MainThread] Successfully wrote chunk of 3 tasks
2025-06-01 18:44:42,768 - INFO - [MainThread] ✅ Successfully wrote 3 tasks to /var/folders/sk/g5bl13514vn02m7kgsf7g0kw0000gn/T/tmpavvwltay/mas_log.json
2025-06-01 18:44:42,769 - WARNING - [MainThread] Could not set memory limit - continuing without limit
2025-06-01 18:44:42,770 - INFO - [MainThread] Successfully wrote chunk of 2 tasks
2025-06-01 18:44:42,770 - INFO - [MainThread] ✅ Successfully wrote 2 tasks to /var/folders/sk/g5bl13514vn02m7kgsf7g0kw0000gn/T/tmpavvwltay/mas_log.json
2025-06-01 18:44:42,877 - WARNING - [MainThread] Could not set memory limit - continuing without limit
2025-06-01 18:44:42,878 - INFO - [MainThread] Successfully wrote chunk of 1 tasks
2025-06-01 18:44:42,878 - INFO - [MainThread] ✅ Successfully wrote 1 tasks to /var/folders/sk/g5bl13514vn02m7kgsf7g0kw0000gn/T/tmp84lsvxof.json
2025-06-01 18:44:42,982 - WARNING - [Thread-2 (write_task)] Could not set memory limit - continuing without limit
2025-06-01 18:44:42,982 - WARNING - [Thread-4 (write_task)] Could not set memory limit - continuing without limit
2025-06-01 18:44:42,982 - WARNING - [Thread-6 (write_task)] Could not set memory limit - continuing without limit
2025-06-01 18:44:42,982 - WARNING - [Thread-5 (write_task)] Could not set memory limit - continuing without limit
2025-06-01 18:44:42,982 - WARNING - [Thread-3 (write_task)] Could not set memory limit - continuing without limit
2025-06-01 18:44:42,982 - ERROR - [Thread-2 (write_task)] Unexpected error while writing to log: signal only works in main thread of the main interpreter
2025-06-01 18:44:42,982 - ERROR - [Thread-4 (write_task)] Unexpected error while writing to log: signal only works in main thread of the main interpreter
2025-06-01 18:44:42,982 - ERROR - [Thread-6 (write_task)] Unexpected error while writing to log: signal only works in main thread of the main interpreter
2025-06-01 18:44:42,983 - ERROR - [Thread-5 (write_task)] Unexpected error while writing to log: signal only works in main thread of the main interpreter
2025-06-01 18:44:42,983 - ERROR - [Thread-3 (write_task)] Unexpected error while writing to log: signal only works in main thread of the main interpreter
2025-06-01 18:44:43,004 - WARNING - [MainThread] Could not set memory limit - continuing without limit
2025-06-01 18:44:43,005 - INFO - [MainThread] Successfully wrote chunk of 10 tasks
2025-06-01 18:44:43,007 - INFO - [MainThread] Successfully wrote chunk of 10 tasks
2025-06-01 18:44:43,009 - INFO - [MainThread] Successfully wrote chunk of 10 tasks
2025-06-01 18:44:43,012 - INFO - [MainThread] Successfully wrote chunk of 10 tasks
2025-06-01 18:44:43,015 - INFO - [MainThread] Successfully wrote chunk of 10 tasks
2025-06-01 18:44:43,015 - INFO - [MainThread] ✅ Successfully wrote 50 tasks to /var/folders/sk/g5bl13514vn02m7kgsf7g0kw0000gn/T/tmp7d_wnway.json
2025-06-01 18:45:06,842 - INFO - [MainThread] ✅ Summary written to /private/var/folders/sk/g5bl13514vn02m7kgsf7g0kw0000gn/T/pytest-of-zach/pytest-3/test_write_summary_to_file0/test_summary.json
2025-06-01 18:45:56,038 - WARNING - [MainThread] Could not set memory limit - continuing without limit
2025-06-01 18:45:56,103 - INFO - [MainThread] Successfully wrote chunk of 5 tasks
2025-06-01 18:45:56,103 - INFO - [MainThread] ✅ Successfully wrote 5 tasks to /var/folders/sk/g5bl13514vn02m7kgsf7g0kw0000gn/T/tmpk7w8i76q/mas_log.json
2025-06-01 18:45:56,108 - WARNING - [MainThread] Could not set memory limit - continuing without limit
2025-06-01 18:45:56,109 - INFO - [MainThread] Successfully wrote chunk of 5 tasks
2025-06-01 18:45:56,110 - INFO - [MainThread] ✅ Successfully wrote 5 tasks to /var/folders/sk/g5bl13514vn02m7kgsf7g0kw0000gn/T/tmpt7kb9bjp/mas_log.json
2025-06-01 18:45:56,111 - WARNING - [MainThread] Could not set memory limit - continuing without limit
2025-06-01 18:45:56,112 - INFO - [MainThread] Successfully wrote chunk of 3 tasks
2025-06-01 18:45:56,113 - INFO - [MainThread] ✅ Successfully wrote 3 tasks to /var/folders/sk/g5bl13514vn02m7kgsf7g0kw0000gn/T/tmpt7kb9bjp/mas_log.json
2025-06-01 18:45:56,117 - WARNING - [MainThread] Could not set memory limit - continuing without limit
2025-06-01 18:45:56,118 - INFO - [MainThread] Successfully wrote chunk of 5 tasks
2025-06-01 18:45:56,118 - INFO - [MainThread] ✅ Successfully wrote 5 tasks to /var/folders/sk/g5bl13514vn02m7kgsf7g0kw0000gn/T/tmp67bmk080/mas_log.json
2025-06-01 18:45:56,119 - WARNING - [MainThread] Could not set memory limit - continuing without limit
2025-06-01 18:45:56,119 - INFO - [MainThread] Successfully wrote chunk of 3 tasks
2025-06-01 18:45:56,120 - INFO - [MainThread] ✅ Successfully wrote 3 tasks to /var/folders/sk/g5bl13514vn02m7kgsf7g0kw0000gn/T/tmp67bmk080/mas_log.json
2025-06-01 18:45:56,120 - WARNING - [MainThread] Could not set memory limit - continuing without limit
2025-06-01 18:45:56,121 - INFO - [MainThread] Successfully wrote chunk of 2 tasks
2025-06-01 18:45:56,121 - INFO - [MainThread] ✅ Successfully wrote 2 tasks to /var/folders/sk/g5bl13514vn02m7kgsf7g0kw0000gn/T/tmp67bmk080/mas_log.json
2025-06-01 18:45:56,223 - WARNING - [MainThread] Could not set memory limit - continuing without limit
2025-06-01 18:45:56,223 - INFO - [MainThread] Successfully wrote chunk of 1 tasks
2025-06-01 18:45:56,224 - INFO - [MainThread] ✅ Successfully wrote 1 tasks to /var/folders/sk/g5bl13514vn02m7kgsf7g0kw0000gn/T/tmpo1vqjnmg.json
2025-06-01 18:45:56,235 - WARNING - [MainThread] Could not set memory limit - continuing without limit
2025-06-01 18:45:56,236 - INFO - [MainThread] Successfully wrote chunk of 10 tasks
2025-06-01 18:45:56,237 - INFO - [MainThread] Successfully wrote chunk of 10 tasks
2025-06-01 18:45:56,239 - INFO - [MainThread] Successfully wrote chunk of 10 tasks
2025-06-01 18:45:56,242 - INFO - [MainThread] Successfully wrote chunk of 10 tasks
2025-06-01 18:45:56,246 - INFO - [MainThread] Successfully wrote chunk of 10 tasks
2025-06-01 18:45:56,246 - INFO - [MainThread] ✅ Successfully wrote 50 tasks to /var/folders/sk/g5bl13514vn02m7kgsf7g0kw0000gn/T/tmpv4h_h34j.json
2025-06-01 18:45:56,250 - WARNING - [MainThread] Could not set memory limit - continuing without limit
2025-06-01 18:45:56,250 - ERROR - [MainThread] Failed to write to log file: [Errno 30] Read-only file system: '/nonexistent'
2025-06-01 18:46:14,301 - INFO - [MainThread] ✅ Summary written to /private/var/folders/sk/g5bl13514vn02m7kgsf7g0kw0000gn/T/pytest-of-zach/pytest-4/test_write_summary_to_file0/test_summary.json
2025-06-01 18:46:56,052 - WARNING - [MainThread] Could not set memory limit - continuing without limit
2025-06-01 18:46:56,149 - INFO - [MainThread] Successfully wrote chunk of 5 tasks
2025-06-01 18:46:56,149 - INFO - [MainThread] ✅ Successfully wrote 5 tasks to /var/folders/sk/g5bl13514vn02m7kgsf7g0kw0000gn/T/tmp_qqgiujl/mas_log.json
2025-06-01 18:46:56,155 - WARNING - [MainThread] Could not set memory limit - continuing without limit
2025-06-01 18:46:56,155 - INFO - [MainThread] Successfully wrote chunk of 5 tasks
2025-06-01 18:46:56,156 - INFO - [MainThread] ✅ Successfully wrote 5 tasks to /var/folders/sk/g5bl13514vn02m7kgsf7g0kw0000gn/T/tmpo0r77vwe/mas_log.json
2025-06-01 18:46:56,156 - WARNING - [MainThread] Could not set memory limit - continuing without limit
2025-06-01 18:46:56,157 - INFO - [MainThread] Successfully wrote chunk of 3 tasks
2025-06-01 18:46:56,157 - INFO - [MainThread] ✅ Successfully wrote 3 tasks to /var/folders/sk/g5bl13514vn02m7kgsf7g0kw0000gn/T/tmpo0r77vwe/mas_log.json
2025-06-01 18:46:56,160 - WARNING - [MainThread] Could not set memory limit - continuing without limit
2025-06-01 18:46:56,161 - INFO - [MainThread] Successfully wrote chunk of 5 tasks
2025-06-01 18:46:56,161 - INFO - [MainThread] ✅ Successfully wrote 5 tasks to /var/folders/sk/g5bl13514vn02m7kgsf7g0kw0000gn/T/tmpc8085ik8/mas_log.json
2025-06-01 18:46:56,162 - WARNING - [MainThread] Could not set memory limit - continuing without limit
2025-06-01 18:46:56,162 - INFO - [MainThread] Successfully wrote chunk of 3 tasks
2025-06-01 18:46:56,163 - INFO - [MainThread] ✅ Successfully wrote 3 tasks to /var/folders/sk/g5bl13514vn02m7kgsf7g0kw0000gn/T/tmpc8085ik8/mas_log.json
2025-06-01 18:46:56,163 - WARNING - [MainThread] Could not set memory limit - continuing without limit
2025-06-01 18:46:56,164 - INFO - [MainThread] Successfully wrote chunk of 2 tasks
2025-06-01 18:46:56,164 - INFO - [MainThread] ✅ Successfully wrote 2 tasks to /var/folders/sk/g5bl13514vn02m7kgsf7g0kw0000gn/T/tmpc8085ik8/mas_log.json
2025-06-01 18:46:56,259 - WARNING - [MainThread] Could not set memory limit - continuing without limit
2025-06-01 18:46:56,260 - INFO - [MainThread] Successfully wrote chunk of 1 tasks
2025-06-01 18:46:56,260 - INFO - [MainThread] ✅ Successfully wrote 1 tasks to /var/folders/sk/g5bl13514vn02m7kgsf7g0kw0000gn/T/tmp89m9583k/test_log.json
2025-06-01 18:46:56,264 - WARNING - [Thread-2 (write_to_log)] Could not set memory limit - continuing without limit
2025-06-01 18:46:56,264 - WARNING - [Thread-3 (write_to_log)] Could not set memory limit - continuing without limit
2025-06-01 18:46:56,264 - WARNING - [Thread-4 (write_to_log)] Could not set memory limit - continuing without limit
2025-06-01 18:46:56,265 - WARNING - [Thread-5 (write_to_log)] Could not set memory limit - continuing without limit
2025-06-01 18:46:56,265 - WARNING - [Thread-6 (write_to_log)] Could not set memory limit - continuing without limit
2025-06-01 18:46:56,268 - INFO - [Thread-2 (write_to_log)] Successfully wrote chunk of 1 tasks
2025-06-01 18:46:56,270 - INFO - [Thread-3 (write_to_log)] Successfully wrote chunk of 1 tasks
2025-06-01 18:46:56,270 - INFO - [Thread-2 (write_to_log)] ✅ Successfully wrote 1 tasks to /var/folders/sk/g5bl13514vn02m7kgsf7g0kw0000gn/T/tmp6e7z_8xh/concurrent_test.json
2025-06-01 18:46:56,271 - INFO - [Thread-3 (write_to_log)] ✅ Successfully wrote 1 tasks to /var/folders/sk/g5bl13514vn02m7kgsf7g0kw0000gn/T/tmp6e7z_8xh/concurrent_test.json
2025-06-01 18:46:56,272 - INFO - [Thread-4 (write_to_log)] Successfully wrote chunk of 1 tasks
2025-06-01 18:46:56,272 - INFO - [Thread-4 (write_to_log)] ✅ Successfully wrote 1 tasks to /var/folders/sk/g5bl13514vn02m7kgsf7g0kw0000gn/T/tmp6e7z_8xh/concurrent_test.json
2025-06-01 18:46:56,273 - INFO - [Thread-6 (write_to_log)] Successfully wrote chunk of 1 tasks
2025-06-01 18:46:56,273 - INFO - [Thread-6 (write_to_log)] ✅ Successfully wrote 1 tasks to /var/folders/sk/g5bl13514vn02m7kgsf7g0kw0000gn/T/tmp6e7z_8xh/concurrent_test.json
2025-06-01 18:46:56,274 - INFO - [Thread-5 (write_to_log)] Successfully wrote chunk of 1 tasks
2025-06-01 18:46:56,274 - INFO - [Thread-5 (write_to_log)] ✅ Successfully wrote 1 tasks to /var/folders/sk/g5bl13514vn02m7kgsf7g0kw0000gn/T/tmp6e7z_8xh/concurrent_test.json
2025-06-01 18:46:56,277 - WARNING - [MainThread] Could not set memory limit - continuing without limit
2025-06-01 18:46:56,278 - INFO - [MainThread] Successfully wrote chunk of 10 tasks
2025-06-01 18:46:56,280 - INFO - [MainThread] Successfully wrote chunk of 10 tasks
2025-06-01 18:46:56,283 - INFO - [MainThread] Successfully wrote chunk of 10 tasks
2025-06-01 18:46:56,286 - INFO - [MainThread] Successfully wrote chunk of 10 tasks
2025-06-01 18:46:56,289 - INFO - [MainThread] Successfully wrote chunk of 10 tasks
2025-06-01 18:46:56,289 - INFO - [MainThread] ✅ Successfully wrote 50 tasks to /var/folders/sk/g5bl13514vn02m7kgsf7g0kw0000gn/T/tmppkyiwvlr/large_test.json
2025-06-01 18:46:56,292 - WARNING - [MainThread] Could not set memory limit - continuing without limit
2025-06-01 18:46:56,293 - ERROR - [MainThread] Failed to write to log file: [Errno 30] Read-only file system: '/nonexistent'
2025-06-01 18:46:56,293 - WARNING - [MainThread] Could not set memory limit - continuing without limit
2025-06-01 18:46:56,294 - WARNING - [MainThread] JSON decode error, resetting file
2025-06-01 18:46:56,294 - INFO - [MainThread] Successfully wrote chunk of 1 tasks
2025-06-01 18:46:56,294 - INFO - [MainThread] ✅ Successfully wrote 1 tasks to /var/folders/sk/g5bl13514vn02m7kgsf7g0kw0000gn/T/tmp76ofgd02/malformed.json
2025-06-01 18:47:15,659 - INFO - [MainThread] ✅ Summary written to /private/var/folders/sk/g5bl13514vn02m7kgsf7g0kw0000gn/T/pytest-of-zach/pytest-5/test_write_summary_to_file0/test_summary.json
2025-06-01 18:48:01,755 - WARNING - [MainThread] Could not set memory limit - continuing without limit
2025-06-01 18:48:01,832 - INFO - [MainThread] Successfully wrote chunk of 5 tasks
2025-06-01 18:48:01,833 - INFO - [MainThread] ✅ Successfully wrote 5 tasks to /var/folders/sk/g5bl13514vn02m7kgsf7g0kw0000gn/T/tmpk4a84fs6/mas_log.json
2025-06-01 18:48:01,838 - WARNING - [MainThread] Could not set memory limit - continuing without limit
2025-06-01 18:48:01,840 - INFO - [MainThread] Successfully wrote chunk of 5 tasks
2025-06-01 18:48:01,841 - INFO - [MainThread] ✅ Successfully wrote 5 tasks to /var/folders/sk/g5bl13514vn02m7kgsf7g0kw0000gn/T/tmplnmgr50w/mas_log.json
2025-06-01 18:48:01,841 - WARNING - [MainThread] Could not set memory limit - continuing without limit
2025-06-01 18:48:01,842 - INFO - [MainThread] Successfully wrote chunk of 3 tasks
2025-06-01 18:48:01,843 - INFO - [MainThread] ✅ Successfully wrote 3 tasks to /var/folders/sk/g5bl13514vn02m7kgsf7g0kw0000gn/T/tmplnmgr50w/mas_log.json
2025-06-01 18:48:01,845 - WARNING - [MainThread] Could not set memory limit - continuing without limit
2025-06-01 18:48:01,845 - INFO - [MainThread] Successfully wrote chunk of 5 tasks
2025-06-01 18:48:01,846 - INFO - [MainThread] ✅ Successfully wrote 5 tasks to /var/folders/sk/g5bl13514vn02m7kgsf7g0kw0000gn/T/tmpem8_vwmn/mas_log.json
2025-06-01 18:48:01,846 - WARNING - [MainThread] Could not set memory limit - continuing without limit
2025-06-01 18:48:01,847 - INFO - [MainThread] Successfully wrote chunk of 3 tasks
2025-06-01 18:48:01,848 - INFO - [MainThread] ✅ Successfully wrote 3 tasks to /var/folders/sk/g5bl13514vn02m7kgsf7g0kw0000gn/T/tmpem8_vwmn/mas_log.json
2025-06-01 18:48:01,848 - WARNING - [MainThread] Could not set memory limit - continuing without limit
2025-06-01 18:48:01,849 - INFO - [MainThread] Successfully wrote chunk of 2 tasks
2025-06-01 18:48:01,850 - INFO - [MainThread] ✅ Successfully wrote 2 tasks to /var/folders/sk/g5bl13514vn02m7kgsf7g0kw0000gn/T/tmpem8_vwmn/mas_log.json
2025-06-01 18:48:01,891 - WARNING - [MainThread] Could not set memory limit - continuing without limit
2025-06-01 18:48:01,892 - INFO - [MainThread] Successfully wrote chunk of 1 tasks
2025-06-01 18:48:01,892 - INFO - [MainThread] ✅ Successfully wrote 1 tasks to /var/folders/sk/g5bl13514vn02m7kgsf7g0kw0000gn/T/tmp70kgcvx3/test_log.json
2025-06-01 18:48:01,895 - WARNING - [Thread-2 (write_to_log)] Could not set memory limit - continuing without limit
2025-06-01 18:48:01,896 - WARNING - [Thread-3 (write_to_log)] Could not set memory limit - continuing without limit
2025-06-01 18:48:01,896 - WARNING - [Thread-4 (write_to_log)] Could not set memory limit - continuing without limit
2025-06-01 18:48:01,896 - WARNING - [Thread-5 (write_to_log)] Could not set memory limit - continuing without limit
2025-06-01 18:48:01,897 - WARNING - [Thread-6 (write_to_log)] Could not set memory limit - continuing without limit
2025-06-01 18:48:01,898 - INFO - [Thread-3 (write_to_log)] Successfully wrote chunk of 1 tasks
2025-06-01 18:48:01,899 - INFO - [Thread-2 (write_to_log)] Successfully wrote chunk of 1 tasks
2025-06-01 18:48:01,901 - INFO - [Thread-3 (write_to_log)] ✅ Successfully wrote 1 tasks to /var/folders/sk/g5bl13514vn02m7kgsf7g0kw0000gn/T/tmp8ehp_hig/concurrent_test.json
2025-06-01 18:48:01,902 - INFO - [Thread-2 (write_to_log)] ✅ Successfully wrote 1 tasks to /var/folders/sk/g5bl13514vn02m7kgsf7g0kw0000gn/T/tmp8ehp_hig/concurrent_test.json
2025-06-01 18:48:01,902 - INFO - [Thread-4 (write_to_log)] Successfully wrote chunk of 1 tasks
2025-06-01 18:48:01,903 - INFO - [Thread-4 (write_to_log)] ✅ Successfully wrote 1 tasks to /var/folders/sk/g5bl13514vn02m7kgsf7g0kw0000gn/T/tmp8ehp_hig/concurrent_test.json
2025-06-01 18:48:01,903 - INFO - [Thread-5 (write_to_log)] Successfully wrote chunk of 1 tasks
2025-06-01 18:48:01,904 - INFO - [Thread-5 (write_to_log)] ✅ Successfully wrote 1 tasks to /var/folders/sk/g5bl13514vn02m7kgsf7g0kw0000gn/T/tmp8ehp_hig/concurrent_test.json
2025-06-01 18:48:01,904 - INFO - [Thread-6 (write_to_log)] Successfully wrote chunk of 1 tasks
2025-06-01 18:48:01,905 - INFO - [Thread-6 (write_to_log)] ✅ Successfully wrote 1 tasks to /var/folders/sk/g5bl13514vn02m7kgsf7g0kw0000gn/T/tmp8ehp_hig/concurrent_test.json
2025-06-01 18:48:01,909 - WARNING - [MainThread] Could not set memory limit - continuing without limit
2025-06-01 18:48:01,910 - INFO - [MainThread] Successfully wrote chunk of 10 tasks
2025-06-01 18:48:01,912 - INFO - [MainThread] Successfully wrote chunk of 10 tasks
2025-06-01 18:48:01,914 - INFO - [MainThread] Successfully wrote chunk of 10 tasks
2025-06-01 18:48:01,916 - INFO - [MainThread] Successfully wrote chunk of 10 tasks
2025-06-01 18:48:01,919 - INFO - [MainThread] Successfully wrote chunk of 10 tasks
2025-06-01 18:48:01,919 - INFO - [MainThread] ✅ Successfully wrote 50 tasks to /var/folders/sk/g5bl13514vn02m7kgsf7g0kw0000gn/T/tmpstqzathk/large_test.json
2025-06-01 18:48:01,924 - WARNING - [MainThread] Could not set memory limit - continuing without limit
2025-06-01 18:48:01,924 - ERROR - [MainThread] Failed to write to log file: [Errno 30] Read-only file system: '/nonexistent'
2025-06-01 18:48:01,925 - WARNING - [MainThread] Could not set memory limit - continuing without limit
2025-06-01 18:48:01,925 - WARNING - [MainThread] JSON decode error, resetting file
2025-06-01 18:48:01,925 - INFO - [MainThread] Successfully wrote chunk of 1 tasks
2025-06-01 18:48:01,926 - INFO - [MainThread] ✅ Successfully wrote 1 tasks to /var/folders/sk/g5bl13514vn02m7kgsf7g0kw0000gn/T/tmpl85cc_17/malformed.json
2025-06-01 18:48:22,118 - INFO - [MainThread] ✅ Summary written to /private/var/folders/sk/g5bl13514vn02m7kgsf7g0kw0000gn/T/pytest-of-zach/pytest-6/test_write_summary_to_file0/test_summary.json
2025-06-01 19:11:14,620 - WARNING - [MainThread] Could not set memory limit - continuing without limit
2025-06-01 19:11:14,799 - INFO - [MainThread] Successfully wrote chunk of 10 tasks
2025-06-01 19:11:14,802 - INFO - [MainThread] Successfully wrote chunk of 10 tasks
2025-06-01 19:11:14,804 - INFO - [MainThread] Successfully wrote chunk of 10 tasks
2025-06-01 19:11:14,808 - INFO - [MainThread] Successfully wrote chunk of 10 tasks
2025-06-01 19:11:14,811 - INFO - [MainThread] Successfully wrote chunk of 10 tasks
2025-06-01 19:11:14,814 - INFO - [MainThread] Successfully wrote chunk of 10 tasks
2025-06-01 19:11:14,819 - INFO - [MainThread] Successfully wrote chunk of 10 tasks
2025-06-01 19:11:14,824 - INFO - [MainThread] Successfully wrote chunk of 10 tasks
2025-06-01 19:11:14,828 - INFO - [MainThread] Successfully wrote chunk of 10 tasks
2025-06-01 19:11:14,833 - INFO - [MainThread] Successfully wrote chunk of 10 tasks
2025-06-01 19:11:14,834 - INFO - [MainThread] ✅ Successfully wrote 100 tasks to benchmark_test.json
2025-06-01 19:11:14,834 - WARNING - [MainThread] Could not set memory limit - continuing without limit
2025-06-01 19:11:14,840 - INFO - [MainThread] Successfully wrote chunk of 0 tasks
2025-06-01 19:11:14,844 - INFO - [MainThread] Successfully wrote chunk of 0 tasks
2025-06-01 19:11:14,849 - INFO - [MainThread] Successfully wrote chunk of 0 tasks
2025-06-01 19:11:14,855 - INFO - [MainThread] Successfully wrote chunk of 0 tasks
2025-06-01 19:11:14,860 - INFO - [MainThread] Successfully wrote chunk of 0 tasks
2025-06-01 19:11:14,865 - INFO - [MainThread] Successfully wrote chunk of 0 tasks
2025-06-01 19:11:14,870 - INFO - [MainThread] Successfully wrote chunk of 0 tasks
2025-06-01 19:11:14,876 - INFO - [MainThread] Successfully wrote chunk of 0 tasks
2025-06-01 19:11:14,881 - INFO - [MainThread] Successfully wrote chunk of 0 tasks
2025-06-01 19:11:14,886 - INFO - [MainThread] Successfully wrote chunk of 0 tasks
2025-06-01 19:11:14,887 - INFO - [MainThread] ✅ Successfully wrote 100 tasks to benchmark_test.json
2025-06-01 19:11:14,887 - WARNING - [MainThread] Could not set memory limit - continuing without limit
2025-06-01 19:11:14,893 - INFO - [MainThread] Successfully wrote chunk of 0 tasks
2025-06-01 19:11:14,898 - INFO - [MainThread] Successfully wrote chunk of 0 tasks
2025-06-01 19:11:14,904 - INFO - [MainThread] Successfully wrote chunk of 0 tasks
2025-06-01 19:11:14,910 - INFO - [MainThread] Successfully wrote chunk of 0 tasks
2025-06-01 19:11:14,915 - INFO - [MainThread] Successfully wrote chunk of 0 tasks
2025-06-01 19:11:14,921 - INFO - [MainThread] Successfully wrote chunk of 0 tasks
2025-06-01 19:11:14,928 - INFO - [MainThread] Successfully wrote chunk of 0 tasks
2025-06-01 19:11:14,933 - INFO - [MainThread] Successfully wrote chunk of 0 tasks
2025-06-01 19:11:14,939 - INFO - [MainThread] Successfully wrote chunk of 0 tasks
2025-06-01 19:11:14,944 - INFO - [MainThread] Successfully wrote chunk of 0 tasks
2025-06-01 19:11:14,945 - INFO - [MainThread] ✅ Successfully wrote 100 tasks to benchmark_test.json
2025-06-01 19:11:14,945 - WARNING - [MainThread] Could not set memory limit - continuing without limit
2025-06-01 19:11:14,951 - INFO - [MainThread] Successfully wrote chunk of 0 tasks
2025-06-01 19:11:14,957 - INFO - [MainThread] Successfully wrote chunk of 0 tasks
2025-06-01 19:11:14,961 - INFO - [MainThread] Successfully wrote chunk of 0 tasks
2025-06-01 19:11:14,966 - INFO - [MainThread] Successfully wrote chunk of 0 tasks
2025-06-01 19:11:14,973 - INFO - [MainThread] Successfully wrote chunk of 0 tasks
2025-06-01 19:11:14,978 - INFO - [MainThread] Successfully wrote chunk of 0 tasks
2025-06-01 19:11:14,983 - INFO - [MainThread] Successfully wrote chunk of 0 tasks
2025-06-01 19:11:14,989 - INFO - [MainThread] Successfully wrote chunk of 0 tasks
2025-06-01 19:11:14,993 - INFO - [MainThread] Successfully wrote chunk of 0 tasks
2025-06-01 19:11:14,998 - INFO - [MainThread] Successfully wrote chunk of 0 tasks
2025-06-01 19:11:14,998 - INFO - [MainThread] ✅ Successfully wrote 100 tasks to benchmark_test.json
2025-06-01 19:11:14,998 - WARNING - [MainThread] Could not set memory limit - continuing without limit
2025-06-01 19:11:15,004 - INFO - [MainThread] Successfully wrote chunk of 0 tasks
2025-06-01 19:11:15,009 - INFO - [MainThread] Successfully wrote chunk of 0 tasks
2025-06-01 19:11:15,014 - INFO - [MainThread] Successfully wrote chunk of 0 tasks
2025-06-01 19:11:15,019 - INFO - [MainThread] Successfully wrote chunk of 0 tasks
2025-06-01 19:11:15,024 - INFO - [MainThread] Successfully wrote chunk of 0 tasks
2025-06-01 19:11:15,029 - INFO - [MainThread] Successfully wrote chunk of 0 tasks
2025-06-01 19:11:15,034 - INFO - [MainThread] Successfully wrote chunk of 0 tasks
2025-06-01 19:11:15,040 - INFO - [MainThread] Successfully wrote chunk of 0 tasks
2025-06-01 19:11:15,045 - INFO - [MainThread] Successfully wrote chunk of 0 tasks
2025-06-01 19:11:15,050 - INFO - [MainThread] Successfully wrote chunk of 0 tasks
2025-06-01 19:11:15,051 - INFO - [MainThread] ✅ Successfully wrote 100 tasks to benchmark_test.json
2025-06-01 19:11:15,454 - WARNING - [MainThread] Could not set memory limit - continuing without limit
2025-06-01 19:11:15,456 - INFO - [MainThread] Successfully wrote chunk of 10 tasks
2025-06-01 19:11:15,457 - INFO - [MainThread] Successfully wrote chunk of 10 tasks
2025-06-01 19:11:15,460 - INFO - [MainThread] Successfully wrote chunk of 10 tasks
2025-06-01 19:11:15,463 - INFO - [MainThread] Successfully wrote chunk of 10 tasks
2025-06-01 19:11:15,465 - INFO - [MainThread] Successfully wrote chunk of 10 tasks
2025-06-01 19:11:15,470 - INFO - [MainThread] Successfully wrote chunk of 10 tasks
2025-06-01 19:11:15,474 - INFO - [MainThread] Successfully wrote chunk of 10 tasks
2025-06-01 19:11:15,478 - INFO - [MainThread] Successfully wrote chunk of 10 tasks
2025-06-01 19:11:15,483 - INFO - [MainThread] Successfully wrote chunk of 10 tasks
2025-06-01 19:11:15,489 - INFO - [MainThread] Successfully wrote chunk of 10 tasks
2025-06-01 19:11:15,489 - INFO - [MainThread] ✅ Successfully wrote 100 tasks to benchmark_e2e.json
2025-06-01 19:11:15,514 - WARNING - [ThreadPoolExecutor-0_0] Could not set memory limit - continuing without limit
2025-06-01 19:11:15,514 - WARNING - [ThreadPoolExecutor-0_1] Could not set memory limit - continuing without limit
2025-06-01 19:11:15,514 - WARNING - [ThreadPoolExecutor-0_2] Could not set memory limit - continuing without limit
2025-06-01 19:11:15,515 - WARNING - [ThreadPoolExecutor-0_3] Could not set memory limit - continuing without limit
2025-06-01 19:11:15,517 - INFO - [ThreadPoolExecutor-0_0] Successfully wrote chunk of 10 tasks
2025-06-01 19:11:15,519 - INFO - [ThreadPoolExecutor-0_1] Successfully wrote chunk of 10 tasks
2025-06-01 19:11:15,521 - INFO - [ThreadPoolExecutor-0_0] Successfully wrote chunk of 10 tasks
2025-06-01 19:11:15,523 - INFO - [ThreadPoolExecutor-0_2] Successfully wrote chunk of 10 tasks
2025-06-01 19:11:15,526 - INFO - [ThreadPoolExecutor-0_3] Successfully wrote chunk of 10 tasks
2025-06-01 19:11:15,529 - INFO - [ThreadPoolExecutor-0_1] Successfully wrote chunk of 10 tasks
2025-06-01 19:11:15,532 - INFO - [ThreadPoolExecutor-0_0] Successfully wrote chunk of 10 tasks
2025-06-01 19:11:15,537 - INFO - [ThreadPoolExecutor-0_2] Successfully wrote chunk of 10 tasks
2025-06-01 19:11:15,542 - INFO - [ThreadPoolExecutor-0_3] Successfully wrote chunk of 10 tasks
2025-06-01 19:11:15,547 - INFO - [ThreadPoolExecutor-0_1] Successfully wrote chunk of 10 tasks
2025-06-01 19:11:15,553 - INFO - [ThreadPoolExecutor-0_0] Successfully wrote chunk of 10 tasks
2025-06-01 19:11:15,561 - INFO - [ThreadPoolExecutor-0_2] Successfully wrote chunk of 10 tasks
2025-06-01 19:11:15,568 - INFO - [ThreadPoolExecutor-0_3] Successfully wrote chunk of 10 tasks
2025-06-01 19:11:15,577 - INFO - [ThreadPoolExecutor-0_1] Successfully wrote chunk of 10 tasks
2025-06-01 19:11:15,586 - INFO - [ThreadPoolExecutor-0_0] Successfully wrote chunk of 10 tasks
2025-06-01 19:11:15,593 - INFO - [ThreadPoolExecutor-0_2] Successfully wrote chunk of 10 tasks
2025-06-01 19:11:15,604 - INFO - [ThreadPoolExecutor-0_3] Successfully wrote chunk of 10 tasks
2025-06-01 19:11:15,616 - INFO - [ThreadPoolExecutor-0_1] Successfully wrote chunk of 10 tasks
2025-06-01 19:11:15,629 - INFO - [ThreadPoolExecutor-0_0] Successfully wrote chunk of 10 tasks
2025-06-01 19:11:15,641 - INFO - [ThreadPoolExecutor-0_2] Successfully wrote chunk of 10 tasks
2025-06-01 19:11:15,652 - INFO - [ThreadPoolExecutor-0_3] Successfully wrote chunk of 10 tasks
2025-06-01 19:11:15,663 - INFO - [ThreadPoolExecutor-0_1] Successfully wrote chunk of 10 tasks
2025-06-01 19:11:15,675 - INFO - [ThreadPoolExecutor-0_0] Successfully wrote chunk of 10 tasks
2025-06-01 19:11:15,686 - INFO - [ThreadPoolExecutor-0_2] Successfully wrote chunk of 10 tasks
2025-06-01 19:11:15,699 - INFO - [ThreadPoolExecutor-0_3] Successfully wrote chunk of 10 tasks
2025-06-01 19:11:15,715 - INFO - [ThreadPoolExecutor-0_3] Successfully wrote chunk of 10 tasks
2025-06-01 19:11:15,731 - INFO - [ThreadPoolExecutor-0_0] Successfully wrote chunk of 10 tasks
2025-06-01 19:11:15,747 - INFO - [ThreadPoolExecutor-0_2] Successfully wrote chunk of 10 tasks
2025-06-01 19:11:15,764 - INFO - [ThreadPoolExecutor-0_2] Successfully wrote chunk of 10 tasks
2025-06-01 19:11:15,786 - INFO - [ThreadPoolExecutor-0_3] Successfully wrote chunk of 10 tasks
2025-06-01 19:11:15,809 - INFO - [ThreadPoolExecutor-0_0] Successfully wrote chunk of 10 tasks
2025-06-01 19:11:15,830 - INFO - [ThreadPoolExecutor-0_1] Successfully wrote chunk of 10 tasks
2025-06-01 19:11:15,849 - INFO - [ThreadPoolExecutor-0_2] Successfully wrote chunk of 10 tasks
2025-06-01 19:11:15,873 - INFO - [ThreadPoolExecutor-0_3] Successfully wrote chunk of 10 tasks
2025-06-01 19:11:15,895 - INFO - [ThreadPoolExecutor-0_0] Successfully wrote chunk of 10 tasks
2025-06-01 19:11:15,896 - INFO - [ThreadPoolExecutor-0_0] ✅ Successfully wrote 100 tasks to test_concurrent.json
2025-06-01 19:11:15,898 - WARNING - [ThreadPoolExecutor-0_0] Could not set memory limit - continuing without limit
2025-06-01 19:11:15,916 - INFO - [ThreadPoolExecutor-0_1] Successfully wrote chunk of 10 tasks
2025-06-01 19:11:15,939 - INFO - [ThreadPoolExecutor-0_2] Successfully wrote chunk of 10 tasks
2025-06-01 19:11:15,940 - INFO - [ThreadPoolExecutor-0_2] ✅ Successfully wrote 100 tasks to test_concurrent.json
2025-06-01 19:11:15,942 - WARNING - [ThreadPoolExecutor-0_2] Could not set memory limit - continuing without limit
2025-06-01 19:11:15,967 - INFO - [ThreadPoolExecutor-0_3] Successfully wrote chunk of 10 tasks
2025-06-01 19:11:15,968 - INFO - [ThreadPoolExecutor-0_3] ✅ Successfully wrote 100 tasks to test_concurrent.json
2025-06-01 19:11:15,968 - WARNING - [ThreadPoolExecutor-0_3] Could not set memory limit - continuing without limit
2025-06-01 19:11:15,996 - INFO - [ThreadPoolExecutor-0_0] Successfully wrote chunk of 10 tasks
2025-06-01 19:11:16,021 - INFO - [ThreadPoolExecutor-0_1] Successfully wrote chunk of 10 tasks
2025-06-01 19:11:16,047 - INFO - [ThreadPoolExecutor-0_2] Successfully wrote chunk of 10 tasks
2025-06-01 19:11:16,077 - INFO - [ThreadPoolExecutor-0_3] Successfully wrote chunk of 10 tasks
2025-06-01 19:11:16,103 - INFO - [ThreadPoolExecutor-0_0] Successfully wrote chunk of 10 tasks
2025-06-01 19:11:16,133 - INFO - [ThreadPoolExecutor-0_1] Successfully wrote chunk of 10 tasks
2025-06-01 19:11:16,134 - INFO - [ThreadPoolExecutor-0_1] ✅ Successfully wrote 100 tasks to test_concurrent.json
2025-06-01 19:11:16,134 - WARNING - [ThreadPoolExecutor-0_1] Could not set memory limit - continuing without limit
2025-06-01 19:11:16,172 - INFO - [ThreadPoolExecutor-0_2] Successfully wrote chunk of 10 tasks
2025-06-01 19:11:16,213 - INFO - [ThreadPoolExecutor-0_2] Successfully wrote chunk of 10 tasks
2025-06-01 19:11:16,251 - INFO - [ThreadPoolExecutor-0_0] Successfully wrote chunk of 10 tasks
2025-06-01 19:11:16,289 - INFO - [ThreadPoolExecutor-0_1] Successfully wrote chunk of 10 tasks
2025-06-01 19:11:16,325 - INFO - [ThreadPoolExecutor-0_3] Successfully wrote chunk of 10 tasks
2025-06-01 19:11:16,365 - INFO - [ThreadPoolExecutor-0_2] Successfully wrote chunk of 10 tasks
2025-06-01 19:11:16,409 - INFO - [ThreadPoolExecutor-0_0] Successfully wrote chunk of 10 tasks
2025-06-01 19:11:16,441 - INFO - [ThreadPoolExecutor-0_1] Successfully wrote chunk of 10 tasks
2025-06-01 19:11:16,471 - INFO - [ThreadPoolExecutor-0_3] Successfully wrote chunk of 10 tasks
2025-06-01 19:11:16,497 - INFO - [ThreadPoolExecutor-0_2] Successfully wrote chunk of 10 tasks
2025-06-01 19:11:16,525 - INFO - [ThreadPoolExecutor-0_0] Successfully wrote chunk of 10 tasks
2025-06-01 19:11:16,552 - INFO - [ThreadPoolExecutor-0_1] Successfully wrote chunk of 10 tasks
2025-06-01 19:11:16,582 - INFO - [ThreadPoolExecutor-0_3] Successfully wrote chunk of 10 tasks
2025-06-01 19:11:16,610 - INFO - [ThreadPoolExecutor-0_2] Successfully wrote chunk of 10 tasks
2025-06-01 19:11:16,641 - INFO - [ThreadPoolExecutor-0_0] Successfully wrote chunk of 10 tasks
2025-06-01 19:11:16,670 - INFO - [ThreadPoolExecutor-0_1] Successfully wrote chunk of 10 tasks
2025-06-01 19:11:16,698 - INFO - [ThreadPoolExecutor-0_3] Successfully wrote chunk of 10 tasks
2025-06-01 19:11:16,730 - INFO - [ThreadPoolExecutor-0_2] Successfully wrote chunk of 10 tasks
2025-06-01 19:11:16,763 - INFO - [ThreadPoolExecutor-0_0] Successfully wrote chunk of 10 tasks
2025-06-01 19:11:16,794 - INFO - [ThreadPoolExecutor-0_1] Successfully wrote chunk of 10 tasks
2025-06-01 19:11:16,830 - INFO - [ThreadPoolExecutor-0_3] Successfully wrote chunk of 10 tasks
2025-06-01 19:11:16,863 - INFO - [ThreadPoolExecutor-0_2] Successfully wrote chunk of 10 tasks
2025-06-01 19:11:16,902 - INFO - [ThreadPoolExecutor-0_0] Successfully wrote chunk of 10 tasks
2025-06-01 19:11:16,939 - INFO - [ThreadPoolExecutor-0_1] Successfully wrote chunk of 10 tasks
2025-06-01 19:11:16,974 - INFO - [ThreadPoolExecutor-0_3] Successfully wrote chunk of 10 tasks
2025-06-01 19:11:17,009 - INFO - [ThreadPoolExecutor-0_2] Successfully wrote chunk of 10 tasks
2025-06-01 19:11:17,043 - INFO - [ThreadPoolExecutor-0_0] Successfully wrote chunk of 10 tasks
2025-06-01 19:11:17,080 - INFO - [ThreadPoolExecutor-0_1] Successfully wrote chunk of 10 tasks
2025-06-01 19:11:17,121 - INFO - [ThreadPoolExecutor-0_3] Successfully wrote chunk of 10 tasks
2025-06-01 19:11:17,158 - INFO - [ThreadPoolExecutor-0_2] Successfully wrote chunk of 10 tasks
2025-06-01 19:11:17,159 - INFO - [ThreadPoolExecutor-0_2] ✅ Successfully wrote 100 tasks to test_concurrent.json
2025-06-01 19:11:17,160 - WARNING - [ThreadPoolExecutor-0_2] Could not set memory limit - continuing without limit
2025-06-01 19:11:17,196 - INFO - [ThreadPoolExecutor-0_0] Successfully wrote chunk of 10 tasks
2025-06-01 19:11:17,197 - INFO - [ThreadPoolExecutor-0_0] ✅ Successfully wrote 100 tasks to test_concurrent.json
2025-06-01 19:11:17,198 - WARNING - [ThreadPoolExecutor-0_0] Could not set memory limit - continuing without limit
2025-06-01 19:11:17,239 - INFO - [ThreadPoolExecutor-0_1] Successfully wrote chunk of 10 tasks
2025-06-01 19:11:17,277 - INFO - [ThreadPoolExecutor-0_3] Successfully wrote chunk of 10 tasks
2025-06-01 19:11:17,313 - INFO - [ThreadPoolExecutor-0_2] Successfully wrote chunk of 10 tasks
2025-06-01 19:11:17,351 - INFO - [ThreadPoolExecutor-0_0] Successfully wrote chunk of 10 tasks
2025-06-01 19:11:17,389 - INFO - [ThreadPoolExecutor-0_1] Successfully wrote chunk of 10 tasks
2025-06-01 19:11:17,430 - INFO - [ThreadPoolExecutor-0_3] Successfully wrote chunk of 10 tasks
2025-06-01 19:11:17,430 - INFO - [ThreadPoolExecutor-0_3] ✅ Successfully wrote 100 tasks to test_concurrent.json
2025-06-01 19:11:17,470 - INFO - [ThreadPoolExecutor-0_2] Successfully wrote chunk of 10 tasks
2025-06-01 19:11:17,510 - INFO - [ThreadPoolExecutor-0_0] Successfully wrote chunk of 10 tasks
2025-06-01 19:11:17,550 - INFO - [ThreadPoolExecutor-0_1] Successfully wrote chunk of 10 tasks
2025-06-01 19:11:17,550 - INFO - [ThreadPoolExecutor-0_1] ✅ Successfully wrote 100 tasks to test_concurrent.json
2025-06-01 19:11:17,595 - INFO - [ThreadPoolExecutor-0_2] Successfully wrote chunk of 10 tasks
2025-06-01 19:11:17,635 - INFO - [ThreadPoolExecutor-0_0] Successfully wrote chunk of 10 tasks
2025-06-01 19:11:17,680 - INFO - [ThreadPoolExecutor-0_2] Successfully wrote chunk of 10 tasks
2025-06-01 19:11:17,722 - INFO - [ThreadPoolExecutor-0_0] Successfully wrote chunk of 10 tasks
2025-06-01 19:11:17,767 - INFO - [ThreadPoolExecutor-0_2] Successfully wrote chunk of 10 tasks
2025-06-01 19:11:17,811 - INFO - [ThreadPoolExecutor-0_0] Successfully wrote chunk of 10 tasks
2025-06-01 19:11:17,854 - INFO - [ThreadPoolExecutor-0_2] Successfully wrote chunk of 10 tasks
2025-06-01 19:11:17,903 - INFO - [ThreadPoolExecutor-0_0] Successfully wrote chunk of 10 tasks
2025-06-01 19:11:17,951 - INFO - [ThreadPoolExecutor-0_2] Successfully wrote chunk of 10 tasks
2025-06-01 19:11:17,997 - INFO - [ThreadPoolExecutor-0_0] Successfully wrote chunk of 10 tasks
2025-06-01 19:11:18,043 - INFO - [ThreadPoolExecutor-0_2] Successfully wrote chunk of 10 tasks
2025-06-01 19:11:18,087 - INFO - [ThreadPoolExecutor-0_0] Successfully wrote chunk of 10 tasks
2025-06-01 19:11:18,132 - INFO - [ThreadPoolExecutor-0_2] Successfully wrote chunk of 10 tasks
2025-06-01 19:11:18,180 - INFO - [ThreadPoolExecutor-0_0] Successfully wrote chunk of 10 tasks
2025-06-01 19:11:18,231 - INFO - [ThreadPoolExecutor-0_2] Successfully wrote chunk of 10 tasks
2025-06-01 19:11:18,231 - INFO - [ThreadPoolExecutor-0_2] ✅ Successfully wrote 100 tasks to test_concurrent.json
2025-06-01 19:11:18,310 - INFO - [ThreadPoolExecutor-0_0] Successfully wrote chunk of 10 tasks
2025-06-01 19:11:18,310 - INFO - [ThreadPoolExecutor-0_0] ✅ Successfully wrote 100 tasks to test_concurrent.json
2025-06-01 19:11:18,327 - WARNING - [MainThread] Could not set memory limit - continuing without limit
2025-06-01 19:11:18,328 - INFO - [MainThread] Successfully wrote chunk of 10 tasks
2025-06-01 19:11:18,329 - INFO - [MainThread] Successfully wrote chunk of 10 tasks
2025-06-01 19:11:18,331 - INFO - [MainThread] Successfully wrote chunk of 10 tasks
2025-06-01 19:11:18,333 - INFO - [MainThread] Successfully wrote chunk of 10 tasks
2025-06-01 19:11:18,336 - INFO - [MainThread] Successfully wrote chunk of 10 tasks
2025-06-01 19:11:18,341 - INFO - [MainThread] Successfully wrote chunk of 10 tasks
2025-06-01 19:11:18,344 - INFO - [MainThread] Successfully wrote chunk of 10 tasks
2025-06-01 19:11:18,348 - INFO - [MainThread] Successfully wrote chunk of 10 tasks
2025-06-01 19:11:18,353 - INFO - [MainThread] Successfully wrote chunk of 10 tasks
2025-06-01 19:11:18,360 - INFO - [MainThread] Successfully wrote chunk of 10 tasks
2025-06-01 19:11:18,360 - INFO - [MainThread] ✅ Successfully wrote 100 tasks to test_updates.json
2025-06-01 19:11:18,445 - WARNING - [MainThread] Could not set memory limit - continuing without limit
2025-06-01 19:11:18,446 - INFO - [MainThread] Successfully wrote chunk of 10 tasks
2025-06-01 19:11:18,448 - INFO - [MainThread] Successfully wrote chunk of 10 tasks
2025-06-01 19:11:18,451 - INFO - [MainThread] Successfully wrote chunk of 10 tasks
2025-06-01 19:11:18,454 - INFO - [MainThread] Successfully wrote chunk of 10 tasks
2025-06-01 19:11:18,458 - INFO - [MainThread] Successfully wrote chunk of 10 tasks
2025-06-01 19:11:18,461 - INFO - [MainThread] Successfully wrote chunk of 10 tasks
2025-06-01 19:11:18,464 - INFO - [MainThread] Successfully wrote chunk of 10 tasks
2025-06-01 19:11:18,468 - INFO - [MainThread] Successfully wrote chunk of 10 tasks
2025-06-01 19:11:18,473 - INFO - [MainThread] Successfully wrote chunk of 10 tasks
2025-06-01 19:11:18,478 - INFO - [MainThread] Successfully wrote chunk of 10 tasks
2025-06-01 19:11:18,484 - INFO - [MainThread] Successfully wrote chunk of 10 tasks
2025-06-01 19:11:18,491 - INFO - [MainThread] Successfully wrote chunk of 10 tasks
2025-06-01 19:11:18,497 - INFO - [MainThread] Successfully wrote chunk of 10 tasks
2025-06-01 19:11:18,504 - INFO - [MainThread] Successfully wrote chunk of 10 tasks
2025-06-01 19:11:18,512 - INFO - [MainThread] Successfully wrote chunk of 10 tasks
2025-06-01 19:11:18,519 - INFO - [MainThread] Successfully wrote chunk of 10 tasks
2025-06-01 19:11:18,528 - INFO - [MainThread] Successfully wrote chunk of 10 tasks
2025-06-01 19:11:18,537 - INFO - [MainThread] Successfully wrote chunk of 10 tasks
2025-06-01 19:11:18,547 - INFO - [MainThread] Successfully wrote chunk of 10 tasks
2025-06-01 19:11:18,557 - INFO - [MainThread] Successfully wrote chunk of 10 tasks
2025-06-01 19:11:18,566 - INFO - [MainThread] Successfully wrote chunk of 10 tasks
2025-06-01 19:11:18,578 - INFO - [MainThread] Successfully wrote chunk of 10 tasks
2025-06-01 19:11:18,589 - INFO - [MainThread] Successfully wrote chunk of 10 tasks
2025-06-01 19:11:18,601 - INFO - [MainThread] Successfully wrote chunk of 10 tasks
2025-06-01 19:11:18,615 - INFO - [MainThread] Successfully wrote chunk of 10 tasks
2025-06-01 19:11:18,629 - INFO - [MainThread] Successfully wrote chunk of 10 tasks
2025-06-01 19:11:18,643 - INFO - [MainThread] Successfully wrote chunk of 10 tasks
2025-06-01 19:11:18,656 - INFO - [MainThread] Successfully wrote chunk of 10 tasks
2025-06-01 19:11:18,670 - INFO - [MainThread] Successfully wrote chunk of 10 tasks
2025-06-01 19:11:18,685 - INFO - [MainThread] Successfully wrote chunk of 10 tasks
2025-06-01 19:11:18,700 - INFO - [MainThread] Successfully wrote chunk of 10 tasks
2025-06-01 19:11:18,719 - INFO - [MainThread] Successfully wrote chunk of 10 tasks
2025-06-01 19:11:18,737 - INFO - [MainThread] Successfully wrote chunk of 10 tasks
2025-06-01 19:11:18,757 - INFO - [MainThread] Successfully wrote chunk of 10 tasks
2025-06-01 19:11:18,777 - INFO - [MainThread] Successfully wrote chunk of 10 tasks
2025-06-01 19:11:18,797 - INFO - [MainThread] Successfully wrote chunk of 10 tasks
2025-06-01 19:11:18,822 - INFO - [MainThread] Successfully wrote chunk of 10 tasks
2025-06-01 19:11:18,847 - INFO - [MainThread] Successfully wrote chunk of 10 tasks
2025-06-01 19:11:18,879 - INFO - [MainThread] Successfully wrote chunk of 10 tasks
2025-06-01 19:11:18,911 - INFO - [MainThread] Successfully wrote chunk of 10 tasks
2025-06-01 19:11:18,940 - INFO - [MainThread] Successfully wrote chunk of 10 tasks
2025-06-01 19:11:18,973 - INFO - [MainThread] Successfully wrote chunk of 10 tasks
2025-06-01 19:11:19,005 - INFO - [MainThread] Successfully wrote chunk of 10 tasks
2025-06-01 19:11:19,035 - INFO - [MainThread] Successfully wrote chunk of 10 tasks
2025-06-01 19:11:19,068 - INFO - [MainThread] Successfully wrote chunk of 10 tasks
2025-06-01 19:11:19,109 - INFO - [MainThread] Successfully wrote chunk of 10 tasks
2025-06-01 19:11:19,144 - INFO - [MainThread] Successfully wrote chunk of 10 tasks
2025-06-01 19:11:19,175 - INFO - [MainThread] Successfully wrote chunk of 10 tasks
2025-06-01 19:11:19,205 - INFO - [MainThread] Successfully wrote chunk of 10 tasks
2025-06-01 19:11:19,232 - INFO - [MainThread] Successfully wrote chunk of 10 tasks
2025-06-01 19:11:19,260 - INFO - [MainThread] Successfully wrote chunk of 10 tasks
2025-06-01 19:11:19,290 - INFO - [MainThread] Successfully wrote chunk of 10 tasks
2025-06-01 19:11:19,320 - INFO - [MainThread] Successfully wrote chunk of 10 tasks
2025-06-01 19:11:19,350 - INFO - [MainThread] Successfully wrote chunk of 10 tasks
2025-06-01 19:11:19,381 - INFO - [MainThread] Successfully wrote chunk of 10 tasks
2025-06-01 19:11:19,412 - INFO - [MainThread] Successfully wrote chunk of 10 tasks
2025-06-01 19:11:19,447 - INFO - [MainThread] Successfully wrote chunk of 10 tasks
2025-06-01 19:11:19,484 - INFO - [MainThread] Successfully wrote chunk of 10 tasks
2025-06-01 19:11:19,515 - INFO - [MainThread] Successfully wrote chunk of 10 tasks
2025-06-01 19:11:19,545 - INFO - [MainThread] Successfully wrote chunk of 10 tasks
2025-06-01 19:11:19,574 - INFO - [MainThread] Successfully wrote chunk of 10 tasks
2025-06-01 19:11:19,602 - INFO - [MainThread] Successfully wrote chunk of 10 tasks
2025-06-01 19:11:19,634 - INFO - [MainThread] Successfully wrote chunk of 10 tasks
2025-06-01 19:11:19,664 - INFO - [MainThread] Successfully wrote chunk of 10 tasks
2025-06-01 19:11:19,700 - INFO - [MainThread] Successfully wrote chunk of 10 tasks
2025-06-01 19:11:19,734 - INFO - [MainThread] Successfully wrote chunk of 10 tasks
2025-06-01 19:11:19,768 - INFO - [MainThread] Successfully wrote chunk of 10 tasks
2025-06-01 19:11:19,803 - INFO - [MainThread] Successfully wrote chunk of 10 tasks
2025-06-01 19:11:19,837 - INFO - [MainThread] Successfully wrote chunk of 10 tasks
2025-06-01 19:11:19,872 - INFO - [MainThread] Successfully wrote chunk of 10 tasks
2025-06-01 19:11:19,905 - INFO - [MainThread] Successfully wrote chunk of 10 tasks
2025-06-01 19:11:19,940 - INFO - [MainThread] Successfully wrote chunk of 10 tasks
2025-06-01 19:11:19,975 - INFO - [MainThread] Successfully wrote chunk of 10 tasks
2025-06-01 19:11:20,010 - INFO - [MainThread] Successfully wrote chunk of 10 tasks
2025-06-01 19:11:20,048 - INFO - [MainThread] Successfully wrote chunk of 10 tasks
2025-06-01 19:11:20,083 - INFO - [MainThread] Successfully wrote chunk of 10 tasks
2025-06-01 19:11:20,121 - INFO - [MainThread] Successfully wrote chunk of 10 tasks
2025-06-01 19:11:20,169 - INFO - [MainThread] Successfully wrote chunk of 10 tasks
2025-06-01 19:11:20,218 - INFO - [MainThread] Successfully wrote chunk of 10 tasks
2025-06-01 19:11:20,269 - INFO - [MainThread] Successfully wrote chunk of 10 tasks
2025-06-01 19:11:20,323 - INFO - [MainThread] Successfully wrote chunk of 10 tasks
2025-06-01 19:11:20,377 - INFO - [MainThread] Successfully wrote chunk of 10 tasks
2025-06-01 19:11:20,419 - INFO - [MainThread] Successfully wrote chunk of 10 tasks
2025-06-01 19:11:20,461 - INFO - [MainThread] Successfully wrote chunk of 10 tasks
2025-06-01 19:11:20,505 - INFO - [MainThread] Successfully wrote chunk of 10 tasks
2025-06-01 19:11:20,553 - INFO - [MainThread] Successfully wrote chunk of 10 tasks
2025-06-01 19:11:20,603 - INFO - [MainThread] Successfully wrote chunk of 10 tasks
2025-06-01 19:11:20,654 - INFO - [MainThread] Successfully wrote chunk of 10 tasks
2025-06-01 19:11:20,699 - INFO - [MainThread] Successfully wrote chunk of 10 tasks
2025-06-01 19:11:20,746 - INFO - [MainThread] Successfully wrote chunk of 10 tasks
2025-06-01 19:11:20,789 - INFO - [MainThread] Successfully wrote chunk of 10 tasks
2025-06-01 19:11:20,834 - INFO - [MainThread] Successfully wrote chunk of 10 tasks
2025-06-01 19:11:20,880 - INFO - [MainThread] Successfully wrote chunk of 10 tasks
2025-06-01 19:11:20,929 - INFO - [MainThread] Successfully wrote chunk of 10 tasks
2025-06-01 19:11:20,977 - INFO - [MainThread] Successfully wrote chunk of 10 tasks
2025-06-01 19:11:21,026 - INFO - [MainThread] Successfully wrote chunk of 10 tasks
2025-06-01 19:11:21,078 - INFO - [MainThread] Successfully wrote chunk of 10 tasks
2025-06-01 19:11:21,127 - INFO - [MainThread] Successfully wrote chunk of 10 tasks
2025-06-01 19:11:21,173 - INFO - [MainThread] Successfully wrote chunk of 10 tasks
2025-06-01 19:11:21,224 - INFO - [MainThread] Successfully wrote chunk of 10 tasks
2025-06-01 19:11:21,225 - INFO - [MainThread] ✅ Successfully wrote 1000 tasks to stress_test.json
2025-06-01 19:11:21,238 - WARNING - [ThreadPoolExecutor-3_0] Could not set memory limit - continuing without limit
2025-06-01 19:11:21,239 - WARNING - [ThreadPoolExecutor-3_1] Could not set memory limit - continuing without limit
2025-06-01 19:11:21,241 - WARNING - [ThreadPoolExecutor-3_2] Could not set memory limit - continuing without limit
2025-06-01 19:11:21,243 - WARNING - [ThreadPoolExecutor-3_3] Could not set memory limit - continuing without limit
2025-06-01 19:11:21,244 - WARNING - [ThreadPoolExecutor-3_4] Could not set memory limit - continuing without limit
2025-06-01 19:11:21,246 - WARNING - [ThreadPoolExecutor-3_5] Could not set memory limit - continuing without limit
2025-06-01 19:11:21,248 - WARNING - [ThreadPoolExecutor-3_6] Could not set memory limit - continuing without limit
2025-06-01 19:11:21,249 - WARNING - [ThreadPoolExecutor-3_7] Could not set memory limit - continuing without limit
2025-06-01 19:11:21,250 - INFO - [ThreadPoolExecutor-3_0] Successfully wrote chunk of 10 tasks
2025-06-01 19:11:21,253 - INFO - [ThreadPoolExecutor-3_1] Successfully wrote chunk of 10 tasks
2025-06-01 19:11:21,257 - INFO - [ThreadPoolExecutor-3_2] Successfully wrote chunk of 10 tasks
2025-06-01 19:11:21,260 - INFO - [ThreadPoolExecutor-3_3] Successfully wrote chunk of 10 tasks
2025-06-01 19:11:21,262 - INFO - [ThreadPoolExecutor-3_4] Successfully wrote chunk of 10 tasks
2025-06-01 19:11:21,265 - INFO - [ThreadPoolExecutor-3_0] Successfully wrote chunk of 10 tasks
2025-06-01 19:11:21,268 - INFO - [ThreadPoolExecutor-3_5] Successfully wrote chunk of 10 tasks
2025-06-01 19:11:21,274 - INFO - [ThreadPoolExecutor-3_6] Successfully wrote chunk of 10 tasks
2025-06-01 19:11:21,278 - INFO - [ThreadPoolExecutor-3_7] Successfully wrote chunk of 10 tasks
2025-06-01 19:11:21,283 - INFO - [ThreadPoolExecutor-3_1] Successfully wrote chunk of 10 tasks
2025-06-01 19:11:21,289 - INFO - [ThreadPoolExecutor-3_2] Successfully wrote chunk of 10 tasks
2025-06-01 19:11:21,295 - INFO - [ThreadPoolExecutor-3_3] Successfully wrote chunk of 10 tasks
2025-06-01 19:11:21,302 - INFO - [ThreadPoolExecutor-3_4] Successfully wrote chunk of 10 tasks
2025-06-01 19:11:21,309 - INFO - [ThreadPoolExecutor-3_0] Successfully wrote chunk of 10 tasks
2025-06-01 19:11:21,317 - INFO - [ThreadPoolExecutor-3_5] Successfully wrote chunk of 10 tasks
2025-06-01 19:11:21,325 - INFO - [ThreadPoolExecutor-3_6] Successfully wrote chunk of 10 tasks
2025-06-01 19:11:21,333 - INFO - [ThreadPoolExecutor-3_7] Successfully wrote chunk of 10 tasks
2025-06-01 19:11:21,342 - INFO - [ThreadPoolExecutor-3_1] Successfully wrote chunk of 10 tasks
2025-06-01 19:11:21,351 - INFO - [ThreadPoolExecutor-3_2] Successfully wrote chunk of 10 tasks
2025-06-01 19:11:21,361 - INFO - [ThreadPoolExecutor-3_3] Successfully wrote chunk of 10 tasks
2025-06-01 19:11:21,372 - INFO - [ThreadPoolExecutor-3_4] Successfully wrote chunk of 10 tasks
2025-06-01 19:11:21,382 - INFO - [ThreadPoolExecutor-3_0] Successfully wrote chunk of 10 tasks
2025-06-01 19:11:21,396 - INFO - [ThreadPoolExecutor-3_5] Successfully wrote chunk of 10 tasks
2025-06-01 19:11:21,411 - INFO - [ThreadPoolExecutor-3_6] Successfully wrote chunk of 10 tasks
2025-06-01 19:11:21,428 - INFO - [ThreadPoolExecutor-3_7] Successfully wrote chunk of 10 tasks
2025-06-01 19:11:21,441 - INFO - [ThreadPoolExecutor-3_1] Successfully wrote chunk of 10 tasks
2025-06-01 19:11:21,456 - INFO - [ThreadPoolExecutor-3_2] Successfully wrote chunk of 10 tasks
2025-06-01 19:11:21,476 - INFO - [ThreadPoolExecutor-3_3] Successfully wrote chunk of 10 tasks
2025-06-01 19:11:21,489 - INFO - [ThreadPoolExecutor-3_4] Successfully wrote chunk of 10 tasks
2025-06-01 19:11:21,506 - INFO - [ThreadPoolExecutor-3_0] Successfully wrote chunk of 10 tasks
2025-06-01 19:11:21,525 - INFO - [ThreadPoolExecutor-3_5] Successfully wrote chunk of 10 tasks
2025-06-01 19:11:21,541 - INFO - [ThreadPoolExecutor-3_6] Successfully wrote chunk of 10 tasks
2025-06-01 19:11:21,560 - INFO - [ThreadPoolExecutor-3_7] Successfully wrote chunk of 10 tasks
2025-06-01 19:11:21,579 - INFO - [ThreadPoolExecutor-3_1] Successfully wrote chunk of 10 tasks
2025-06-01 19:11:21,596 - INFO - [ThreadPoolExecutor-3_2] Successfully wrote chunk of 10 tasks
2025-06-01 19:11:21,616 - INFO - [ThreadPoolExecutor-3_3] Successfully wrote chunk of 10 tasks
2025-06-01 19:11:21,636 - INFO - [ThreadPoolExecutor-3_4] Successfully wrote chunk of 10 tasks
2025-06-01 19:11:21,658 - INFO - [ThreadPoolExecutor-3_0] Successfully wrote chunk of 10 tasks
2025-06-01 19:11:21,682 - INFO - [ThreadPoolExecutor-3_5] Successfully wrote chunk of 10 tasks
2025-06-01 19:11:21,706 - INFO - [ThreadPoolExecutor-3_6] Successfully wrote chunk of 10 tasks
2025-06-01 19:11:21,730 - INFO - [ThreadPoolExecutor-3_7] Successfully wrote chunk of 10 tasks
2025-06-01 19:11:21,751 - INFO - [ThreadPoolExecutor-3_1] Successfully wrote chunk of 10 tasks
2025-06-01 19:11:21,776 - INFO - [ThreadPoolExecutor-3_2] Successfully wrote chunk of 10 tasks
2025-06-01 19:11:21,797 - INFO - [ThreadPoolExecutor-3_3] Successfully wrote chunk of 10 tasks
2025-06-01 19:11:21,820 - INFO - [ThreadPoolExecutor-3_4] Successfully wrote chunk of 10 tasks
2025-06-01 19:11:21,847 - INFO - [ThreadPoolExecutor-3_0] Successfully wrote chunk of 10 tasks
2025-06-01 19:11:21,872 - INFO - [ThreadPoolExecutor-3_5] Successfully wrote chunk of 10 tasks
2025-06-01 19:11:21,898 - INFO - [ThreadPoolExecutor-3_6] Successfully wrote chunk of 10 tasks
2025-06-01 19:11:21,925 - INFO - [ThreadPoolExecutor-3_7] Successfully wrote chunk of 10 tasks
2025-06-01 19:11:21,949 - INFO - [ThreadPoolExecutor-3_1] Successfully wrote chunk of 10 tasks
2025-06-01 19:11:21,978 - INFO - [ThreadPoolExecutor-3_2] Successfully wrote chunk of 10 tasks
2025-06-01 19:11:22,002 - INFO - [ThreadPoolExecutor-3_3] Successfully wrote chunk of 10 tasks
2025-06-01 19:11:22,033 - INFO - [ThreadPoolExecutor-3_4] Successfully wrote chunk of 10 tasks
2025-06-01 19:11:22,066 - INFO - [ThreadPoolExecutor-3_0] Successfully wrote chunk of 10 tasks
2025-06-01 19:11:22,099 - INFO - [ThreadPoolExecutor-3_5] Successfully wrote chunk of 10 tasks
2025-06-01 19:11:22,138 - INFO - [ThreadPoolExecutor-3_6] Successfully wrote chunk of 10 tasks
2025-06-01 19:11:22,170 - INFO - [ThreadPoolExecutor-3_7] Successfully wrote chunk of 10 tasks
2025-06-01 19:11:22,200 - INFO - [ThreadPoolExecutor-3_1] Successfully wrote chunk of 10 tasks
2025-06-01 19:11:22,234 - INFO - [ThreadPoolExecutor-3_2] Successfully wrote chunk of 10 tasks
2025-06-01 19:11:22,266 - INFO - [ThreadPoolExecutor-3_3] Successfully wrote chunk of 10 tasks
2025-06-01 19:11:22,300 - INFO - [ThreadPoolExecutor-3_4] Successfully wrote chunk of 10 tasks
2025-06-01 19:11:22,340 - INFO - [ThreadPoolExecutor-3_0] Successfully wrote chunk of 10 tasks
2025-06-01 19:11:22,383 - INFO - [ThreadPoolExecutor-3_5] Successfully wrote chunk of 10 tasks
2025-06-01 19:11:22,420 - INFO - [ThreadPoolExecutor-3_6] Successfully wrote chunk of 10 tasks
2025-06-01 19:11:22,464 - INFO - [ThreadPoolExecutor-3_7] Successfully wrote chunk of 10 tasks
2025-06-01 19:11:22,503 - INFO - [ThreadPoolExecutor-3_1] Successfully wrote chunk of 10 tasks
2025-06-01 19:11:22,539 - INFO - [ThreadPoolExecutor-3_2] Successfully wrote chunk of 10 tasks
2025-06-01 19:11:22,574 - INFO - [ThreadPoolExecutor-3_3] Successfully wrote chunk of 10 tasks
2025-06-01 19:11:22,610 - INFO - [ThreadPoolExecutor-3_4] Successfully wrote chunk of 10 tasks
2025-06-01 19:11:22,646 - INFO - [ThreadPoolExecutor-3_0] Successfully wrote chunk of 10 tasks
2025-06-01 19:11:22,646 - INFO - [ThreadPoolExecutor-3_0] ✅ Successfully wrote 100 tasks to io_stress_test.json
2025-06-01 19:11:22,648 - WARNING - [ThreadPoolExecutor-3_0] Could not set memory limit - continuing without limit
2025-06-01 19:11:22,685 - INFO - [ThreadPoolExecutor-3_5] Successfully wrote chunk of 10 tasks
2025-06-01 19:11:22,721 - INFO - [ThreadPoolExecutor-3_6] Successfully wrote chunk of 10 tasks
2025-06-01 19:11:22,756 - INFO - [ThreadPoolExecutor-3_7] Successfully wrote chunk of 10 tasks
2025-06-01 19:11:22,805 - INFO - [ThreadPoolExecutor-3_1] Successfully wrote chunk of 10 tasks
2025-06-01 19:11:22,805 - INFO - [ThreadPoolExecutor-3_1] ✅ Successfully wrote 100 tasks to io_stress_test.json
2025-06-01 19:11:22,808 - WARNING - [ThreadPoolExecutor-3_1] Could not set memory limit - continuing without limit
2025-06-01 19:11:22,857 - INFO - [ThreadPoolExecutor-3_2] Successfully wrote chunk of 10 tasks
2025-06-01 19:11:22,858 - INFO - [ThreadPoolExecutor-3_2] ✅ Successfully wrote 100 tasks to io_stress_test.json
2025-06-01 19:11:22,908 - INFO - [ThreadPoolExecutor-3_3] Successfully wrote chunk of 10 tasks
2025-06-01 19:11:22,909 - INFO - [ThreadPoolExecutor-3_3] ✅ Successfully wrote 100 tasks to io_stress_test.json
2025-06-01 19:11:22,963 - INFO - [ThreadPoolExecutor-3_4] Successfully wrote chunk of 10 tasks
2025-06-01 19:11:22,964 - INFO - [ThreadPoolExecutor-3_4] ✅ Successfully wrote 100 tasks to io_stress_test.json
2025-06-01 19:11:23,018 - INFO - [ThreadPoolExecutor-3_0] Successfully wrote chunk of 10 tasks
2025-06-01 19:11:23,096 - INFO - [ThreadPoolExecutor-3_5] Successfully wrote chunk of 10 tasks
2025-06-01 19:11:23,096 - INFO - [ThreadPoolExecutor-3_5] ✅ Successfully wrote 100 tasks to io_stress_test.json
2025-06-01 19:11:23,139 - INFO - [ThreadPoolExecutor-3_6] Successfully wrote chunk of 10 tasks
2025-06-01 19:11:23,140 - INFO - [ThreadPoolExecutor-3_6] ✅ Successfully wrote 100 tasks to io_stress_test.json
2025-06-01 19:11:23,182 - INFO - [ThreadPoolExecutor-3_7] Successfully wrote chunk of 10 tasks
2025-06-01 19:11:23,183 - INFO - [ThreadPoolExecutor-3_7] ✅ Successfully wrote 100 tasks to io_stress_test.json
2025-06-01 19:11:23,222 - INFO - [ThreadPoolExecutor-3_1] Successfully wrote chunk of 10 tasks
2025-06-01 19:11:23,261 - INFO - [ThreadPoolExecutor-3_0] Successfully wrote chunk of 10 tasks
2025-06-01 19:11:23,302 - INFO - [ThreadPoolExecutor-3_1] Successfully wrote chunk of 10 tasks
2025-06-01 19:11:23,344 - INFO - [ThreadPoolExecutor-3_0] Successfully wrote chunk of 10 tasks
2025-06-01 19:11:23,391 - INFO - [ThreadPoolExecutor-3_1] Successfully wrote chunk of 10 tasks
2025-06-01 19:11:23,444 - INFO - [ThreadPoolExecutor-3_0] Successfully wrote chunk of 10 tasks
2025-06-01 19:11:23,497 - INFO - [ThreadPoolExecutor-3_1] Successfully wrote chunk of 10 tasks
2025-06-01 19:11:23,555 - INFO - [ThreadPoolExecutor-3_0] Successfully wrote chunk of 10 tasks
2025-06-01 19:11:23,615 - INFO - [ThreadPoolExecutor-3_1] Successfully wrote chunk of 10 tasks
2025-06-01 19:11:23,676 - INFO - [ThreadPoolExecutor-3_0] Successfully wrote chunk of 10 tasks
2025-06-01 19:11:23,725 - INFO - [ThreadPoolExecutor-3_1] Successfully wrote chunk of 10 tasks
2025-06-01 19:11:23,777 - INFO - [ThreadPoolExecutor-3_0] Successfully wrote chunk of 10 tasks
2025-06-01 19:11:23,833 - INFO - [ThreadPoolExecutor-3_1] Successfully wrote chunk of 10 tasks
2025-06-01 19:11:23,880 - INFO - [ThreadPoolExecutor-3_0] Successfully wrote chunk of 10 tasks
2025-06-01 19:11:23,926 - INFO - [ThreadPoolExecutor-3_1] Successfully wrote chunk of 10 tasks
2025-06-01 19:11:23,972 - INFO - [ThreadPoolExecutor-3_0] Successfully wrote chunk of 10 tasks
2025-06-01 19:11:24,020 - INFO - [ThreadPoolExecutor-3_1] Successfully wrote chunk of 10 tasks
2025-06-01 19:11:24,068 - INFO - [ThreadPoolExecutor-3_0] Successfully wrote chunk of 10 tasks
2025-06-01 19:11:24,077 - INFO - [ThreadPoolExecutor-3_0] ✅ Successfully wrote 100 tasks to io_stress_test.json
2025-06-01 19:11:24,135 - INFO - [ThreadPoolExecutor-3_1] Successfully wrote chunk of 10 tasks
2025-06-01 19:11:24,139 - INFO - [ThreadPoolExecutor-3_1] ✅ Successfully wrote 100 tasks to io_stress_test.json
