2025-06-20 08:52:50,940 - mas_core.attribution - INFO - {"asctime": "2025-06-20T15:52:50.940582+00:00", "name": "mas_core.attribution", "levelname": "INFO", "message": "[P24P1S1T1] Loaded 558 contributors and 105 task attributions", "taskName": "Task-bea9bb1e"}
2025-06-20 08:52:50,940 - mas_core.attribution - INFO - {"asctime": "2025-06-20T15:52:50.940580+00:00", "name": "mas_core.attribution", "levelname": "INFO", "message": "[P24P1S1T1] Loaded 558 contributors and 105 task attributions", "taskName": "Task-2298ebc4"}
2025-06-20 08:52:50,971 - mas_core.attribution - INFO - {"asctime": "2025-06-20T15:52:50.971447+00:00", "name": "mas_core.attribution", "levelname": "INFO", "message": "[P24P1S1T1] AttributionManager initialized", "taskName": "Task-bea9bb1e"}
2025-06-20 08:52:50,971 - mas_core.attribution - INFO - {"asctime": "2025-06-20T15:52:50.971494+00:00", "name": "mas_core.attribution", "levelname": "INFO", "message": "[P24P1S1T1] AttributionManager initialized", "taskName": "Task-2298ebc4"}
2025-06-20 08:52:50,974 - mas_core.changelog - INFO - {"asctime": "2025-06-20T15:52:50.974346+00:00", "name": "mas_core.changelog", "levelname": "INFO", "message": "[P24P2S1T1] Loaded 53 task changelogs", "taskName": "Task-797b5889"}
2025-06-20 08:52:50,974 - mas_core.changelog - INFO - {"asctime": "2025-06-20T15:52:50.974831+00:00", "name": "mas_core.changelog", "levelname": "INFO", "message": "[P24P2S1T1] Loaded 53 task changelogs", "taskName": "Task-014718ee"}
2025-06-20 08:52:50,974 - mas_core.changelog - INFO - {"asctime": "2025-06-20T15:52:50.974836+00:00", "name": "mas_core.changelog", "levelname": "INFO", "message": "[P24P2S1T1] ChangelogManager initialized", "taskName": "Task-797b5889"}
2025-06-20 08:52:50,975 - mas_core.diff_viewer - INFO - {"asctime": "2025-06-20T15:52:50.975119+00:00", "name": "mas_core.diff_viewer", "levelname": "INFO", "message": "[P24P2S2T1] DiffViewer initialized", "taskName": "Task-1e8f013b"}
2025-06-20 08:52:50,975 - mas_core.changelog - INFO - {"asctime": "2025-06-20T15:52:50.975172+00:00", "name": "mas_core.changelog", "levelname": "INFO", "message": "[P24P2S1T1] ChangelogManager initialized", "taskName": "Task-014718ee"}
2025-06-20 08:52:50,975 - mas_core.diff_viewer - INFO - {"asctime": "2025-06-20T15:52:50.975353+00:00", "name": "mas_core.diff_viewer", "levelname": "INFO", "message": "[P24P2S2T1] DiffViewer initialized", "taskName": "Task-2e490702"}
2025-06-20 08:52:50,979 - mas_core.activity_feed - INFO - {"asctime": "2025-06-20T15:52:50.979888+00:00", "name": "mas_core.activity_feed", "levelname": "INFO", "message": "[P24P3S1T1] Loaded 1 activity feeds", "taskName": "Task-4772a357"}
2025-06-20 08:52:50,980 - mas_core.activity_feed - INFO - {"asctime": "2025-06-20T15:52:50.980108+00:00", "name": "mas_core.activity_feed", "levelname": "INFO", "message": "[P24P3S1T1] Loaded 1 activity feeds", "taskName": "Task-ba791917"}
2025-06-20 08:52:50,980 - mas_core.activity_feed - INFO - {"asctime": "2025-06-20T15:52:50.980305+00:00", "name": "mas_core.activity_feed", "levelname": "INFO", "message": "[P24P3S1T1] ActivityFeedManager initialized", "taskName": "Task-4772a357"}
2025-06-20 08:52:50,980 - mas_core.activity_feed - INFO - {"asctime": "2025-06-20T15:52:50.980441+00:00", "name": "mas_core.activity_feed", "levelname": "INFO", "message": "[P24P3S1T1] ActivityFeedManager initialized", "taskName": "Task-ba791917"}
2025-06-20 08:52:50,988 - mas_core.task_display - INFO - {"asctime": "2025-06-20T15:52:50.988618+00:00", "name": "mas_core.task_display", "levelname": "INFO", "message": "[P24P1S2T1] TaskCardRenderer initialized", "taskName": "Task-0b0f6dba"}
2025-06-20 08:52:50,988 - mas_core.task_display - INFO - {"asctime": "2025-06-20T15:52:50.988618+00:00", "name": "mas_core.task_display", "levelname": "INFO", "message": "[P24P1S2T1] TaskCardRenderer initialized", "taskName": "Task-dd82c91d"}
2025-06-20 08:52:51,001 - mas_core.attribution - INFO - {"asctime": "2025-06-20T15:52:51.001450+00:00", "name": "mas_core.attribution", "levelname": "INFO", "message": "[P24P1S1T1] Loaded 558 contributors and 105 task attributions", "taskName": "Task-2298ebc4"}
2025-06-20 08:52:51,002 - mas_core.attribution - INFO - {"asctime": "2025-06-20T15:52:51.001957+00:00", "name": "mas_core.attribution", "levelname": "INFO", "message": "[P24P1S1T1] Loaded 558 contributors and 105 task attributions", "taskName": "Task-bea9bb1e"}
2025-06-20 08:52:51,002 - mas_core.attribution - INFO - {"asctime": "2025-06-20T15:52:51.002513+00:00", "name": "mas_core.attribution", "levelname": "INFO", "message": "[P24P1S1T1] AttributionManager initialized", "taskName": "Task-bea9bb1e"}
2025-06-20 08:52:51,002 - mas_core.attribution - INFO - {"asctime": "2025-06-20T15:52:51.002073+00:00", "name": "mas_core.attribution", "levelname": "INFO", "message": "[P24P1S1T1] AttributionManager initialized", "taskName": "Task-2298ebc4"}
2025-06-20 08:52:51,007 - mas_core.changelog - INFO - {"asctime": "2025-06-20T15:52:51.007462+00:00", "name": "mas_core.changelog", "levelname": "INFO", "message": "[P24P2S1T1] Loaded 53 task changelogs", "taskName": "Task-797b5889"}
2025-06-20 08:52:51,008 - mas_core.changelog - INFO - {"asctime": "2025-06-20T15:52:51.008433+00:00", "name": "mas_core.changelog", "levelname": "INFO", "message": "[P24P2S1T1] ChangelogManager initialized", "taskName": "Task-797b5889"}
2025-06-20 08:52:51,009 - mas_core.changelog - INFO - {"asctime": "2025-06-20T15:52:51.009045+00:00", "name": "mas_core.changelog", "levelname": "INFO", "message": "[P24P2S1T1] Loaded 53 task changelogs", "taskName": "Task-014718ee"}
2025-06-20 08:52:51,009 - mas_core.changelog - INFO - {"asctime": "2025-06-20T15:52:51.009433+00:00", "name": "mas_core.changelog", "levelname": "INFO", "message": "[P24P2S1T1] ChangelogManager initialized", "taskName": "Task-014718ee"}
2025-06-20 08:52:51,018 - mas_core.activity_feed - INFO - {"asctime": "2025-06-20T15:52:51.018830+00:00", "name": "mas_core.activity_feed", "levelname": "INFO", "message": "[P24P3S1T1] Loaded 1 activity feeds", "taskName": "Task-ba791917"}
2025-06-20 08:52:51,019 - mas_core.activity_feed - INFO - {"asctime": "2025-06-20T15:52:51.019377+00:00", "name": "mas_core.activity_feed", "levelname": "INFO", "message": "[P24P3S1T1] ActivityFeedManager initialized", "taskName": "Task-ba791917"}
2025-06-20 08:52:51,020 - mas_core.activity_feed - INFO - {"asctime": "2025-06-20T15:52:51.020469+00:00", "name": "mas_core.activity_feed", "levelname": "INFO", "message": "[P24P3S1T1] Loaded 1 activity feeds", "taskName": "Task-4772a357"}
2025-06-20 08:52:51,020 - mas_core.activity_feed - INFO - {"asctime": "2025-06-20T15:52:51.020800+00:00", "name": "mas_core.activity_feed", "levelname": "INFO", "message": "[P24P3S1T1] ActivityFeedManager initialized", "taskName": "Task-4772a357"}
2025-06-20 08:52:51,032 - mas_core.attribution - INFO - {"asctime": "2025-06-20T15:52:51.032787+00:00", "name": "mas_core.attribution", "levelname": "INFO", "message": "[P24P1S1T1] Loaded 558 contributors and 105 task attributions", "taskName": "Task-2298ebc4"}
2025-06-20 08:52:51,033 - mas_core.attribution - INFO - {"asctime": "2025-06-20T15:52:51.033325+00:00", "name": "mas_core.attribution", "levelname": "INFO", "message": "[P24P1S1T1] AttributionManager initialized", "taskName": "Task-2298ebc4"}
2025-06-20 08:52:51,033 - mas_core.attribution - INFO - {"asctime": "2025-06-20T15:52:51.033515+00:00", "name": "mas_core.attribution", "levelname": "INFO", "message": "[P24P1S1T1] Loaded 558 contributors and 105 task attributions", "taskName": "Task-bea9bb1e"}
2025-06-20 08:52:51,034 - mas_core.attribution - INFO - {"asctime": "2025-06-20T15:52:51.033999+00:00", "name": "mas_core.attribution", "levelname": "INFO", "message": "[P24P1S1T1] AttributionManager initialized", "taskName": "Task-bea9bb1e"}
2025-06-20 08:52:51,036 - mas_core.changelog - INFO - {"asctime": "2025-06-20T15:52:51.036336+00:00", "name": "mas_core.changelog", "levelname": "INFO", "message": "[P24P2S1T1] Loaded 53 task changelogs", "taskName": "Task-797b5889"}
2025-06-20 08:52:51,036 - mas_core.changelog - INFO - {"asctime": "2025-06-20T15:52:51.036871+00:00", "name": "mas_core.changelog", "levelname": "INFO", "message": "[P24P2S1T1] ChangelogManager initialized", "taskName": "Task-797b5889"}
2025-06-20 08:52:51,037 - mas_core.changelog - INFO - {"asctime": "2025-06-20T15:52:51.037026+00:00", "name": "mas_core.changelog", "levelname": "INFO", "message": "[P24P2S1T1] Loaded 53 task changelogs", "taskName": "Task-014718ee"}
2025-06-20 08:52:51,037 - mas_core.diff_viewer - INFO - {"asctime": "2025-06-20T15:52:51.037145+00:00", "name": "mas_core.diff_viewer", "levelname": "INFO", "message": "[P24P2S2T1] DiffViewer initialized", "taskName": "Task-1e8f013b"}
2025-06-20 08:52:51,037 - mas_core.changelog - INFO - {"asctime": "2025-06-20T15:52:51.037374+00:00", "name": "mas_core.changelog", "levelname": "INFO", "message": "[P24P2S1T1] ChangelogManager initialized", "taskName": "Task-014718ee"}
2025-06-20 08:52:51,037 - mas_core.diff_viewer - INFO - {"asctime": "2025-06-20T15:52:51.037558+00:00", "name": "mas_core.diff_viewer", "levelname": "INFO", "message": "[P24P2S2T1] DiffViewer initialized", "taskName": "Task-2e490702"}
2025-06-20 08:52:51,044 - mas_core.activity_feed - INFO - {"asctime": "2025-06-20T15:52:51.044677+00:00", "name": "mas_core.activity_feed", "levelname": "INFO", "message": "[P24P3S1T1] Loaded 1 activity feeds", "taskName": "Task-ba791917"}
2025-06-20 08:52:51,045 - mas_core.activity_feed - INFO - {"asctime": "2025-06-20T15:52:51.045140+00:00", "name": "mas_core.activity_feed", "levelname": "INFO", "message": "[P24P3S1T1] ActivityFeedManager initialized", "taskName": "Task-ba791917"}
2025-06-20 08:52:51,045 - mas_core.task_display - INFO - {"asctime": "2025-06-20T15:52:51.045415+00:00", "name": "mas_core.task_display", "levelname": "INFO", "message": "[P24P1S2T1] TaskCardRenderer initialized", "taskName": "Task-0b0f6dba"}
2025-06-20 08:52:51,046 - mas_core.activity_feed - INFO - {"asctime": "2025-06-20T15:52:51.046040+00:00", "name": "mas_core.activity_feed", "levelname": "INFO", "message": "[P24P3S1T1] Loaded 1 activity feeds", "taskName": "Task-4772a357"}
2025-06-20 08:52:51,046 - mas_core.activity_feed - INFO - {"asctime": "2025-06-20T15:52:51.046380+00:00", "name": "mas_core.activity_feed", "levelname": "INFO", "message": "[P24P3S1T1] ActivityFeedManager initialized", "taskName": "Task-4772a357"}
2025-06-20 08:52:51,046 - mas_core.task_display - INFO - {"asctime": "2025-06-20T15:52:51.046651+00:00", "name": "mas_core.task_display", "levelname": "INFO", "message": "[P24P1S2T1] TaskCardRenderer initialized", "taskName": "Task-dd82c91d"}
2025-06-20 08:52:51,065 - __main__ - INFO - Starting GitBridge Phase 24 server on port 5000
2025-06-20 08:52:51,067 - __main__ - INFO - Starting GitBridge Phase 24 server on port 5000
2025-06-20 08:52:51,426 - werkzeug - INFO - [31m[1mWARNING: This is a development server. Do not use it in a production deployment. Use a production WSGI server instead.[0m
 * Running on all addresses (0.0.0.0)
 * Running on http://127.0.0.1:5000
 * Running on http://10.0.0.171:5000
2025-06-20 08:52:51,427 - werkzeug - INFO - [33mPress CTRL+C to quit[0m
2025-06-20 08:57:15,880 - mas_core.attribution - INFO - {"asctime": "2025-06-20T15:57:15.880575+00:00", "name": "mas_core.attribution", "levelname": "INFO", "message": "[P24P1S1T1] Loaded 558 contributors and 105 task attributions", "taskName": "Task-78f3525a"}
2025-06-20 08:57:15,882 - mas_core.attribution - INFO - {"asctime": "2025-06-20T15:57:15.882143+00:00", "name": "mas_core.attribution", "levelname": "INFO", "message": "[P24P1S1T1] AttributionManager initialized", "taskName": "Task-78f3525a"}
2025-06-20 08:57:15,884 - mas_core.changelog - INFO - {"asctime": "2025-06-20T15:57:15.884595+00:00", "name": "mas_core.changelog", "levelname": "INFO", "message": "[P24P2S1T1] Loaded 53 task changelogs", "taskName": "Task-5253b960"}
2025-06-20 08:57:15,884 - mas_core.changelog - INFO - {"asctime": "2025-06-20T15:57:15.884802+00:00", "name": "mas_core.changelog", "levelname": "INFO", "message": "[P24P2S1T1] ChangelogManager initialized", "taskName": "Task-5253b960"}
2025-06-20 08:57:15,885 - mas_core.diff_viewer - INFO - {"asctime": "2025-06-20T15:57:15.885051+00:00", "name": "mas_core.diff_viewer", "levelname": "INFO", "message": "[P24P2S2T1] DiffViewer initialized", "taskName": "Task-3d818323"}
2025-06-20 08:57:15,889 - mas_core.activity_feed - INFO - {"asctime": "2025-06-20T15:57:15.889174+00:00", "name": "mas_core.activity_feed", "levelname": "INFO", "message": "[P24P3S1T1] Loaded 1 activity feeds", "taskName": "Task-0c58a7b4"}
2025-06-20 08:57:15,889 - mas_core.activity_feed - INFO - {"asctime": "2025-06-20T15:57:15.889554+00:00", "name": "mas_core.activity_feed", "levelname": "INFO", "message": "[P24P3S1T1] ActivityFeedManager initialized", "taskName": "Task-0c58a7b4"}
2025-06-20 08:57:15,889 - mas_core.task_display - INFO - {"asctime": "2025-06-20T15:57:15.889800+00:00", "name": "mas_core.task_display", "levelname": "INFO", "message": "[P24P1S2T1] TaskCardRenderer initialized", "taskName": "Task-5aff7da6"}
2025-06-20 08:57:15,895 - mas_core.attribution - INFO - {"asctime": "2025-06-20T15:57:15.895851+00:00", "name": "mas_core.attribution", "levelname": "INFO", "message": "[P24P1S1T1] Loaded 558 contributors and 105 task attributions", "taskName": "Task-78f3525a"}
2025-06-20 08:57:15,896 - mas_core.attribution - INFO - {"asctime": "2025-06-20T15:57:15.896330+00:00", "name": "mas_core.attribution", "levelname": "INFO", "message": "[P24P1S1T1] AttributionManager initialized", "taskName": "Task-78f3525a"}
2025-06-20 08:57:15,901 - mas_core.changelog - INFO - {"asctime": "2025-06-20T15:57:15.901049+00:00", "name": "mas_core.changelog", "levelname": "INFO", "message": "[P24P2S1T1] Loaded 53 task changelogs", "taskName": "Task-5253b960"}
2025-06-20 08:57:15,901 - mas_core.changelog - INFO - {"asctime": "2025-06-20T15:57:15.901622+00:00", "name": "mas_core.changelog", "levelname": "INFO", "message": "[P24P2S1T1] ChangelogManager initialized", "taskName": "Task-5253b960"}
2025-06-20 08:57:15,906 - mas_core.activity_feed - INFO - {"asctime": "2025-06-20T15:57:15.906398+00:00", "name": "mas_core.activity_feed", "levelname": "INFO", "message": "[P24P3S1T1] Loaded 1 activity feeds", "taskName": "Task-0c58a7b4"}
2025-06-20 08:57:15,907 - mas_core.activity_feed - INFO - {"asctime": "2025-06-20T15:57:15.907593+00:00", "name": "mas_core.activity_feed", "levelname": "INFO", "message": "[P24P3S1T1] ActivityFeedManager initialized", "taskName": "Task-0c58a7b4"}
2025-06-20 08:57:15,989 - mas_core.attribution - INFO - {"asctime": "2025-06-20T15:57:15.982646+00:00", "name": "mas_core.attribution", "levelname": "INFO", "message": "[P24P1S1T1] Loaded 558 contributors and 105 task attributions", "taskName": "Task-78f3525a"}
2025-06-20 08:57:15,992 - mas_core.attribution - INFO - {"asctime": "2025-06-20T15:57:15.992094+00:00", "name": "mas_core.attribution", "levelname": "INFO", "message": "[P24P1S1T1] AttributionManager initialized", "taskName": "Task-78f3525a"}
2025-06-20 08:57:15,996 - mas_core.changelog - INFO - {"asctime": "2025-06-20T15:57:15.996777+00:00", "name": "mas_core.changelog", "levelname": "INFO", "message": "[P24P2S1T1] Loaded 53 task changelogs", "taskName": "Task-5253b960"}
2025-06-20 08:57:15,997 - mas_core.changelog - INFO - {"asctime": "2025-06-20T15:57:15.997372+00:00", "name": "mas_core.changelog", "levelname": "INFO", "message": "[P24P2S1T1] ChangelogManager initialized", "taskName": "Task-5253b960"}
2025-06-20 08:57:15,997 - mas_core.diff_viewer - INFO - {"asctime": "2025-06-20T15:57:15.997589+00:00", "name": "mas_core.diff_viewer", "levelname": "INFO", "message": "[P24P2S2T1] DiffViewer initialized", "taskName": "Task-3d818323"}
2025-06-20 08:57:16,004 - mas_core.activity_feed - INFO - {"asctime": "2025-06-20T15:57:16.004765+00:00", "name": "mas_core.activity_feed", "levelname": "INFO", "message": "[P24P3S1T1] Loaded 1 activity feeds", "taskName": "Task-0c58a7b4"}
2025-06-20 08:57:16,005 - mas_core.activity_feed - INFO - {"asctime": "2025-06-20T15:57:16.005191+00:00", "name": "mas_core.activity_feed", "levelname": "INFO", "message": "[P24P3S1T1] ActivityFeedManager initialized", "taskName": "Task-0c58a7b4"}
2025-06-20 08:57:16,005 - mas_core.task_display - INFO - {"asctime": "2025-06-20T15:57:16.005387+00:00", "name": "mas_core.task_display", "levelname": "INFO", "message": "[P24P1S2T1] TaskCardRenderer initialized", "taskName": "Task-5aff7da6"}
2025-06-20 08:57:16,025 - __main__ - INFO - Starting GitBridge Phase 24 server on port 5000
2025-06-20 08:57:16,237 - werkzeug - INFO - [31m[1mWARNING: This is a development server. Do not use it in a production deployment. Use a production WSGI server instead.[0m
 * Running on all addresses (0.0.0.0)
 * Running on http://127.0.0.1:5000
 * Running on http://10.0.0.171:5000
2025-06-20 08:57:16,237 - werkzeug - INFO - [33mPress CTRL+C to quit[0m
2025-06-20 09:19:43,003 - mas_core.attribution - INFO - {"asctime": "2025-06-20T16:19:43.003777+00:00", "name": "mas_core.attribution", "levelname": "INFO", "message": "[P24P1S1T1] Loaded 558 contributors and 105 task attributions", "taskName": "Task-3b1ec930"}
2025-06-20 09:19:43,006 - mas_core.attribution - INFO - {"asctime": "2025-06-20T16:19:43.006494+00:00", "name": "mas_core.attribution", "levelname": "INFO", "message": "[P24P1S1T1] AttributionManager initialized", "taskName": "Task-3b1ec930"}
2025-06-20 09:19:43,073 - mas_core.changelog - INFO - {"asctime": "2025-06-20T16:19:43.073308+00:00", "name": "mas_core.changelog", "levelname": "INFO", "message": "[P24P2S1T1] Loaded 53 task changelogs", "taskName": "Task-4854c496"}
2025-06-20 09:19:43,073 - mas_core.changelog - INFO - {"asctime": "2025-06-20T16:19:43.073623+00:00", "name": "mas_core.changelog", "levelname": "INFO", "message": "[P24P2S1T1] ChangelogManager initialized", "taskName": "Task-4854c496"}
2025-06-20 09:19:43,073 - mas_core.diff_viewer - INFO - {"asctime": "2025-06-20T16:19:43.073906+00:00", "name": "mas_core.diff_viewer", "levelname": "INFO", "message": "[P24P2S2T1] DiffViewer initialized", "taskName": "Task-3ed5b404"}
2025-06-20 09:19:43,213 - mas_core.activity_feed - INFO - {"asctime": "2025-06-20T16:19:43.213223+00:00", "name": "mas_core.activity_feed", "levelname": "INFO", "message": "[P24P3S1T1] Loaded 1 activity feeds", "taskName": "Task-8da71e4d"}
2025-06-20 09:19:43,213 - mas_core.activity_feed - INFO - {"asctime": "2025-06-20T16:19:43.213765+00:00", "name": "mas_core.activity_feed", "levelname": "INFO", "message": "[P24P3S1T1] ActivityFeedManager initialized", "taskName": "Task-8da71e4d"}
2025-06-20 09:19:43,214 - mas_core.task_display - INFO - {"asctime": "2025-06-20T16:19:43.213992+00:00", "name": "mas_core.task_display", "levelname": "INFO", "message": "[P24P1S2T1] TaskCardRenderer initialized", "taskName": "Task-242c5828"}
2025-06-20 09:19:43,219 - mas_core.attribution - INFO - {"asctime": "2025-06-20T16:19:43.219909+00:00", "name": "mas_core.attribution", "levelname": "INFO", "message": "[P24P1S1T1] Loaded 558 contributors and 105 task attributions", "taskName": "Task-3b1ec930"}
2025-06-20 09:19:43,220 - mas_core.attribution - INFO - {"asctime": "2025-06-20T16:19:43.220287+00:00", "name": "mas_core.attribution", "levelname": "INFO", "message": "[P24P1S1T1] AttributionManager initialized", "taskName": "Task-3b1ec930"}
2025-06-20 09:19:43,222 - mas_core.changelog - INFO - {"asctime": "2025-06-20T16:19:43.222852+00:00", "name": "mas_core.changelog", "levelname": "INFO", "message": "[P24P2S1T1] Loaded 53 task changelogs", "taskName": "Task-4854c496"}
2025-06-20 09:19:43,223 - mas_core.changelog - INFO - {"asctime": "2025-06-20T16:19:43.223173+00:00", "name": "mas_core.changelog", "levelname": "INFO", "message": "[P24P2S1T1] ChangelogManager initialized", "taskName": "Task-4854c496"}
2025-06-20 09:19:43,227 - mas_core.activity_feed - INFO - {"asctime": "2025-06-20T16:19:43.227811+00:00", "name": "mas_core.activity_feed", "levelname": "INFO", "message": "[P24P3S1T1] Loaded 1 activity feeds", "taskName": "Task-8da71e4d"}
2025-06-20 09:19:43,228 - mas_core.activity_feed - INFO - {"asctime": "2025-06-20T16:19:43.228350+00:00", "name": "mas_core.activity_feed", "levelname": "INFO", "message": "[P24P3S1T1] ActivityFeedManager initialized", "taskName": "Task-8da71e4d"}
2025-06-20 09:19:43,234 - mas_core.attribution - INFO - {"asctime": "2025-06-20T16:19:43.234746+00:00", "name": "mas_core.attribution", "levelname": "INFO", "message": "[P24P1S1T1] Loaded 558 contributors and 105 task attributions", "taskName": "Task-3b1ec930"}
2025-06-20 09:19:43,235 - mas_core.attribution - INFO - {"asctime": "2025-06-20T16:19:43.235292+00:00", "name": "mas_core.attribution", "levelname": "INFO", "message": "[P24P1S1T1] AttributionManager initialized", "taskName": "Task-3b1ec930"}
2025-06-20 09:19:43,237 - mas_core.changelog - INFO - {"asctime": "2025-06-20T16:19:43.237956+00:00", "name": "mas_core.changelog", "levelname": "INFO", "message": "[P24P2S1T1] Loaded 53 task changelogs", "taskName": "Task-4854c496"}
2025-06-20 09:19:43,238 - mas_core.changelog - INFO - {"asctime": "2025-06-20T16:19:43.238222+00:00", "name": "mas_core.changelog", "levelname": "INFO", "message": "[P24P2S1T1] ChangelogManager initialized", "taskName": "Task-4854c496"}
2025-06-20 09:19:43,238 - mas_core.diff_viewer - INFO - {"asctime": "2025-06-20T16:19:43.238465+00:00", "name": "mas_core.diff_viewer", "levelname": "INFO", "message": "[P24P2S2T1] DiffViewer initialized", "taskName": "Task-3ed5b404"}
2025-06-20 09:19:43,243 - mas_core.activity_feed - INFO - {"asctime": "2025-06-20T16:19:43.243827+00:00", "name": "mas_core.activity_feed", "levelname": "INFO", "message": "[P24P3S1T1] Loaded 1 activity feeds", "taskName": "Task-8da71e4d"}
2025-06-20 09:19:43,244 - mas_core.activity_feed - INFO - {"asctime": "2025-06-20T16:19:43.244422+00:00", "name": "mas_core.activity_feed", "levelname": "INFO", "message": "[P24P3S1T1] ActivityFeedManager initialized", "taskName": "Task-8da71e4d"}
2025-06-20 09:19:43,244 - mas_core.task_display - INFO - {"asctime": "2025-06-20T16:19:43.244745+00:00", "name": "mas_core.task_display", "levelname": "INFO", "message": "[P24P1S2T1] TaskCardRenderer initialized", "taskName": "Task-242c5828"}
2025-06-20 09:19:43,267 - __main__ - INFO - Starting GitBridge Phase 24 server on port 5000
2025-06-20 09:19:43,428 - werkzeug - INFO - [31m[1mWARNING: This is a development server. Do not use it in a production deployment. Use a production WSGI server instead.[0m
 * Running on all addresses (0.0.0.0)
 * Running on http://127.0.0.1:5000
 * Running on http://10.0.0.171:5000
2025-06-20 09:19:43,429 - werkzeug - INFO - [33mPress CTRL+C to quit[0m
