2025-06-08 22:34:55,039 - __main__ - INFO - Successfully created and checked out branch: feature/user-authentication
2025-06-08 22:34:55,060 - __main__ - INFO - Updated metadata for branch operation: feature/user-authentication
2025-06-08 22:34:55,060 - __main__ - INFO - SmartRepo branch created successfully: feature/user-authentication (hash: e95fdcbc...)
2025-06-08 22:34:55,113 - __main__ - WARNING - Branch creation skipped: feature/user-authentication already exists
2025-06-08 22:34:55,113 - __main__ - WARNING - Branch creation skipped: feature/user-authentication already exists
2025-06-08 22:34:55,179 - __main__ - INFO - Successfully created and checked out branch: fix/payment-bug
2025-06-08 22:34:55,179 - __main__ - INFO - Successfully created and checked out branch: fix/payment-bug
2025-06-08 22:34:55,179 - __main__ - INFO - Successfully created and checked out branch: fix/payment-bug
2025-06-08 22:34:55,197 - __main__ - INFO - Updated metadata for branch operation: fix/payment-bug
2025-06-08 22:34:55,197 - __main__ - INFO - Updated metadata for branch operation: fix/payment-bug
2025-06-08 22:34:55,197 - __main__ - INFO - Updated metadata for branch operation: fix/payment-bug
2025-06-08 22:34:55,198 - __main__ - INFO - SmartRepo branch created successfully: fix/payment-bug (hash: 1723f3ca...)
2025-06-08 22:34:55,198 - __main__ - INFO - SmartRepo branch created successfully: fix/payment-bug (hash: 1723f3ca...)
2025-06-08 22:34:55,198 - __main__ - INFO - SmartRepo branch created successfully: fix/payment-bug (hash: 1723f3ca...)
2025-06-08 22:34:55,268 - __main__ - INFO - Successfully created and checked out branch: hotfix/security-patch
2025-06-08 22:34:55,268 - __main__ - INFO - Successfully created and checked out branch: hotfix/security-patch
2025-06-08 22:34:55,268 - __main__ - INFO - Successfully created and checked out branch: hotfix/security-patch
2025-06-08 22:34:55,268 - __main__ - INFO - Successfully created and checked out branch: hotfix/security-patch
2025-06-08 22:34:55,289 - __main__ - INFO - Updated metadata for branch operation: hotfix/security-patch
2025-06-08 22:34:55,289 - __main__ - INFO - Updated metadata for branch operation: hotfix/security-patch
2025-06-08 22:34:55,289 - __main__ - INFO - Updated metadata for branch operation: hotfix/security-patch
2025-06-08 22:34:55,289 - __main__ - INFO - Updated metadata for branch operation: hotfix/security-patch
2025-06-08 22:34:55,289 - __main__ - INFO - SmartRepo branch created successfully: hotfix/security-patch (hash: 99e359be...)
2025-06-08 22:34:55,289 - __main__ - INFO - SmartRepo branch created successfully: hotfix/security-patch (hash: 99e359be...)
2025-06-08 22:34:55,289 - __main__ - INFO - SmartRepo branch created successfully: hotfix/security-patch (hash: 99e359be...)
2025-06-08 22:34:55,289 - __main__ - INFO - SmartRepo branch created successfully: hotfix/security-patch (hash: 99e359be...)
2025-06-08 22:34:55,349 - __main__ - INFO - Successfully created and checked out branch: experiment/new-feature-test
2025-06-08 22:34:55,349 - __main__ - INFO - Successfully created and checked out branch: experiment/new-feature-test
2025-06-08 22:34:55,349 - __main__ - INFO - Successfully created and checked out branch: experiment/new-feature-test
2025-06-08 22:34:55,349 - __main__ - INFO - Successfully created and checked out branch: experiment/new-feature-test
2025-06-08 22:34:55,349 - __main__ - INFO - Successfully created and checked out branch: experiment/new-feature-test
2025-06-08 22:34:55,379 - __main__ - INFO - Updated metadata for branch operation: experiment/new-feature-test
2025-06-08 22:34:55,379 - __main__ - INFO - Updated metadata for branch operation: experiment/new-feature-test
2025-06-08 22:34:55,379 - __main__ - INFO - Updated metadata for branch operation: experiment/new-feature-test
2025-06-08 22:34:55,379 - __main__ - INFO - Updated metadata for branch operation: experiment/new-feature-test
2025-06-08 22:34:55,379 - __main__ - INFO - Updated metadata for branch operation: experiment/new-feature-test
2025-06-08 22:34:55,379 - __main__ - INFO - SmartRepo branch created successfully: experiment/new-feature-test (hash: 94689791...)
2025-06-08 22:34:55,379 - __main__ - INFO - SmartRepo branch created successfully: experiment/new-feature-test (hash: 94689791...)
2025-06-08 22:34:55,379 - __main__ - INFO - SmartRepo branch created successfully: experiment/new-feature-test (hash: 94689791...)
2025-06-08 22:34:55,379 - __main__ - INFO - SmartRepo branch created successfully: experiment/new-feature-test (hash: 94689791...)
2025-06-08 22:34:55,379 - __main__ - INFO - SmartRepo branch created successfully: experiment/new-feature-test (hash: 94689791...)
